<?xml version="1.0" encoding="utf-8"?>
<TestRun id="77407fc4-aa3d-45d6-ae02-33d58fb8edf3" name="prmistri@AIPLUS4 2026-05-09 06:07:17" runUser="FAREAST\prmistri" xmlns="http://microsoft.com/schemas/VisualStudio/TeamTest/2010">
  <Times creation="2026-05-09T06:07:17.9229674-07:00" queuing="2026-05-09T06:07:17.9229675-07:00" start="2026-05-09T06:07:17.0600495-07:00" finish="2026-05-09T06:07:18.0884145-07:00" />
  <TestSettings name="default" id="1c420a15-0d0b-412e-9291-d398ffdb18b5">
    <Deployment runDeploymentRoot="prmistri_AIPLUS4_2026-05-09_06_07_17" />
  </TestSettings>
  <Results>
    <UnitTestResult executionId="60683e5b-b4dd-406c-b1a8-61185529200c" testId="c211b195-7735-018d-e925-459bd7dd1199" testName="End_IsTimestampPlusHoldPlusPost" computerName="AIPLUS4" duration="00:00:00.0000818" startTime="2026-05-09T06:07:18.0062634-07:00" endTime="2026-05-09T06:07:18.0063931-07:00" testType="13cdc9d9-ddb5-4fa4-a97d-d965ccfc6d4b" outcome="Passed" testListId="8c84fa94-04c1-424b-9868-57a2d4851a1d" relativeResultsDirectory="60683e5b-b4dd-406c-b1a8-61185529200c" />
    <UnitTestResult executionId="e1f318f6-6d88-4eb1-a451-b6140dd183d7" testId="2c78dbc4-8ef6-640b-a970-f6494e7b2e01" testName="GetZoomState_SuppressedClick_SkipsAutoZoom" computerName="AIPLUS4" duration="00:00:00.0004282" startTime="2026-05-09T06:07:17.8784350-07:00" endTime="2026-05-09T06:07:17.8788965-07:00" testType="13cdc9d9-ddb5-4fa4-a97d-d965ccfc6d4b" outcome="Passed" testListId="8c84fa94-04c1-424b-9868-57a2d4851a1d" relativeResultsDirectory="e1f318f6-6d88-4eb1-a451-b6140dd183d7" />
    <UnitTestResult executionId="3dc927b0-9ec7-4585-97a2-1a3f4132b4ae" testId="5dba7d49-39c3-0a78-3068-9ea483e7e72e" testName="ResizeZoomSegment_RightEdge_ExtendsEnd" computerName="AIPLUS4" duration="00:00:00.0003426" startTime="2026-05-09T06:07:17.9605662-07:00" endTime="2026-05-09T06:07:17.9609407-07:00" testType="13cdc9d9-ddb5-4fa4-a97d-d965ccfc6d4b" outcome="Passed" testListId="8c84fa94-04c1-424b-9868-57a2d4851a1d" relativeResultsDirectory="3dc927b0-9ec7-4585-97a2-1a3f4132b4ae" />
    <UnitTestResult executionId="86c4aad9-379c-4b09-8ce0-0a7cfb857605" testId="5e9e3659-a679-16d8-920c-5aead5087168" testName="VideoFormat_AllValues_AreDefined" computerName="AIPLUS4" duration="00:00:00.0004452" startTime="2026-05-09T06:07:17.9909524-07:00" endTime="2026-05-09T06:07:17.9914773-07:00" testType="13cdc9d9-ddb5-4fa4-a97d-d965ccfc6d4b" outcome="Passed" testListId="8c84fa94-04c1-424b-9868-57a2d4851a1d" relativeResultsDirectory="86c4aad9-379c-4b09-8ce0-0a7cfb857605" />
    <UnitTestResult executionId="51fd41bb-cbcf-4175-b77f-43930b418d94" testId="1b35490e-3448-50cc-8bf6-e5ac81dedab8" testName="MouseSample_DefaultValues_AreZero" computerName="AIPLUS4" duration="00:00:00.0013907" startTime="2026-05-09T06:07:17.9621225-07:00" endTime="2026-05-09T06:07:17.9635768-07:00" testType="13cdc9d9-ddb5-4fa4-a97d-d965ccfc6d4b" outcome="Passed" testListId="8c84fa94-04c1-424b-9868-57a2d4851a1d" relativeResultsDirectory="51fd41bb-cbcf-4175-b77f-43930b418d94" />
    <UnitTestResult executionId="bbbe1d0d-e295-4031-ba78-11b8885f26c1" testId="05a462ba-55cf-1155-839d-8279ad4387fb" testName="ClickEvent_Equality_WorksForRecords" computerName="AIPLUS4" duration="00:00:00.0004229" startTime="2026-05-09T06:07:17.9628290-07:00" endTime="2026-05-09T06:07:17.9632829-07:00" testType="13cdc9d9-ddb5-4fa4-a97d-d965ccfc6d4b" outcome="Passed" testListId="8c84fa94-04c1-424b-9868-57a2d4851a1d" relativeResultsDirectory="bbbe1d0d-e295-4031-ba78-11b8885f26c1" />
    <UnitTestResult executionId="63911f22-7b98-4ba1-a2bd-ed81a320b445" testId="7b870318-24dc-a2e4-07c8-5a17a4017de1" testName="TimelineClip_SourceDuration_DoubleSpeed_DoubleSourceDuration" computerName="AIPLUS4" duration="00:00:00.0000497" startTime="2026-05-09T06:07:18.0068587-07:00" endTime="2026-05-09T06:07:18.0069474-07:00" testType="13cdc9d9-ddb5-4fa4-a97d-d965ccfc6d4b" outcome="Passed" testListId="8c84fa94-04c1-424b-9868-57a2d4851a1d" relativeResultsDirectory="63911f22-7b98-4ba1-a2bd-ed81a320b445" />
    <UnitTestResult executionId="2719902a-264c-49d5-a330-248196b31e30" testId="325447e0-527e-c05b-7939-ad3215a72f3c" testName="ApplyClipSpeed_Undo_RestoresEverything" computerName="AIPLUS4" duration="00:00:00.0011321" startTime="2026-05-09T06:07:17.9593900-07:00" endTime="2026-05-09T06:07:17.9605970-07:00" testType="13cdc9d9-ddb5-4fa4-a97d-d965ccfc6d4b" outcome="Passed" testListId="8c84fa94-04c1-424b-9868-57a2d4851a1d" relativeResultsDirectory="2719902a-264c-49d5-a330-248196b31e30" />
    <UnitTestResult executionId="b9a07e46-39c2-43f1-b60f-062f07799e97" testId="a423293c-b886-e654-157a-bcb2c3089580" testName="GenerateWaveform_OutputLength_AtMostTargetCount" computerName="AIPLUS4" duration="00:00:00.0014602" startTime="2026-05-09T06:07:17.8745188-07:00" endTime="2026-05-09T06:07:17.8760158-07:00" testType="13cdc9d9-ddb5-4fa4-a97d-d965ccfc6d4b" outcome="Passed" testListId="8c84fa94-04c1-424b-9868-57a2d4851a1d" relativeResultsDirectory="b9a07e46-39c2-43f1-b60f-062f07799e97" />
    <UnitTestResult executionId="9f71fa1c-e7c2-491e-8e1e-400bbf29daa6" testId="3a8e5f8f-fc80-66e7-b806-35acaef136fa" testName="MouseRecordingData_Duration_FractionalSeconds" computerName="AIPLUS4" duration="00:00:00.0001128" startTime="2026-05-09T06:07:17.9636135-07:00" endTime="2026-05-09T06:07:17.9637911-07:00" testType="13cdc9d9-ddb5-4fa4-a97d-d965ccfc6d4b" outcome="Passed" testListId="8c84fa94-04c1-424b-9868-57a2d4851a1d" relativeResultsDirectory="9f71fa1c-e7c2-491e-8e1e-400bbf29daa6" />
    <UnitTestResult executionId="1052c130-9919-4608-9909-f7a7eefffc4d" testId="0533bb76-6e82-a751-0690-09db0c75fd80" testName="EaseOut_MonotonicallyIncreasing" computerName="AIPLUS4" duration="00:00:00.0002362" startTime="2026-05-09T06:07:17.9479328-07:00" endTime="2026-05-09T06:07:17.9549265-07:00" testType="13cdc9d9-ddb5-4fa4-a97d-d965ccfc6d4b" outcome="Passed" testListId="8c84fa94-04c1-424b-9868-57a2d4851a1d" relativeResultsDirectory="1052c130-9919-4608-9909-f7a7eefffc4d" />
    <UnitTestResult executionId="3405a5c8-4d9e-4472-9027-ff1686e0ab41" testId="cbb06a15-8aaf-1332-7b24-44f951f3a8d0" testName="ToSrt_MultipleSegments_CorrectSequencing" computerName="AIPLUS4" duration="00:00:00.0013689" startTime="2026-05-09T06:07:17.9939096-07:00" endTime="2026-05-09T06:07:17.9953272-07:00" testType="13cdc9d9-ddb5-4fa4-a97d-d965ccfc6d4b" outcome="Passed" testListId="8c84fa94-04c1-424b-9868-57a2d4851a1d" relativeResultsDirectory="3405a5c8-4d9e-4472-9027-ff1686e0ab41" />
    <UnitTestResult executionId="1e89cf06-ddc7-4624-b85e-74cdf211c514" testId="0e2bb75b-014b-7d32-981d-7e3500dab913" testName="CalculateOutputSize_WithLargePadding_ScalesCorrectly" computerName="AIPLUS4" duration="00:00:00.0000397" startTime="2026-05-09T06:07:17.8812657-07:00" endTime="2026-05-09T06:07:17.8813426-07:00" testType="13cdc9d9-ddb5-4fa4-a97d-d965ccfc6d4b" outcome="Passed" testListId="8c84fa94-04c1-424b-9868-57a2d4851a1d" relativeResultsDirectory="1e89cf06-ddc7-4624-b85e-74cdf211c514" />
    <UnitTestResult executionId="b8ab723b-983d-414a-a84d-a09e41ff6aa5" testId="8e9df6bb-004e-c13a-4584-8a59bc67a30f" testName="CalculateOutputDimensions_Square_At720p_ProducesSquare" computerName="AIPLUS4" duration="00:00:00.0036987" startTime="2026-05-09T06:07:17.8336278-07:00" endTime="2026-05-09T06:07:17.8498497-07:00" testType="13cdc9d9-ddb5-4fa4-a97d-d965ccfc6d4b" outcome="Passed" testListId="8c84fa94-04c1-424b-9868-57a2d4851a1d" relativeResultsDirectory="b8ab723b-983d-414a-a84d-a09e41ff6aa5" />
    <UnitTestResult executionId="08b039a7-426a-4dff-9a47-11e54e1349f1" testId="f0da48e2-0030-5b74-d779-636af7cfd8b4" testName="GetZoomState_ManualKeyframe_OverridesAuto" computerName="AIPLUS4" duration="00:00:00.0040877" startTime="2026-05-09T06:07:17.8762250-07:00" endTime="2026-05-09T06:07:17.8803452-07:00" testType="13cdc9d9-ddb5-4fa4-a97d-d965ccfc6d4b" outcome="Passed" testListId="8c84fa94-04c1-424b-9868-57a2d4851a1d" relativeResultsDirectory="08b039a7-426a-4dff-9a47-11e54e1349f1" />
    <UnitTestResult executionId="2d402183-211c-4de2-a7b5-7e98c7832b9f" testId="8ec14a2d-7ee3-d96b-44cc-2314a1ef94da" testName="ZoomKeyframe_CustomValues_AreRetained" computerName="AIPLUS4" duration="00:00:00.0001191" startTime="2026-05-09T06:07:18.0040760-07:00" endTime="2026-05-09T06:07:18.0042456-07:00" testType="13cdc9d9-ddb5-4fa4-a97d-d965ccfc6d4b" outcome="Passed" testListId="8c84fa94-04c1-424b-9868-57a2d4851a1d" relativeResultsDirectory="2d402183-211c-4de2-a7b5-7e98c7832b9f" />
    <UnitTestResult executionId="b2033d65-5fc7-4389-a7b5-0e8637ad9917" testId="834fe2bf-6000-b14d-9237-5d848911b38c" testName="GetResolutionDimensions_ReturnsExpected (QHD,2560,1440)" computerName="AIPLUS4" duration="00:00:00.0001825" startTime="2026-05-09T06:07:17.9613773-07:00" endTime="2026-05-09T06:07:17.9616904-07:00" testType="13cdc9d9-ddb5-4fa4-a97d-d965ccfc6d4b" outcome="Passed" testListId="8c84fa94-04c1-424b-9868-57a2d4851a1d" relativeResultsDirectory="b2033d65-5fc7-4389-a7b5-0e8637ad9917" />
    <UnitTestResult executionId="5607cb4b-eb0a-4209-86af-f629b27ff645" testId="3ca8fd82-41a9-6960-2cd5-72605faf5b0c" testName="Evaluate_EaseOutCurve_FastStart" computerName="AIPLUS4" duration="00:00:00.0000605" startTime="2026-05-09T06:07:17.9555930-07:00" endTime="2026-05-09T06:07:17.9556914-07:00" testType="13cdc9d9-ddb5-4fa4-a97d-d965ccfc6d4b" outcome="Passed" testListId="8c84fa94-04c1-424b-9868-57a2d4851a1d" relativeResultsDirectory="5607cb4b-eb0a-4209-86af-f629b27ff645" />
    <UnitTestResult executionId="9d27fe47-23f3-4a6b-9821-b4af7b278c46" testId="acbe3207-7964-c7a5-eb94-b6bbce4b71f8" testName="GenerateWaveform_Stereo16bit_ProcessesBothChannels" computerName="AIPLUS4" duration="00:00:00.0010128" startTime="2026-05-09T06:07:17.8736729-07:00" endTime="2026-05-09T06:07:17.8747174-07:00" testType="13cdc9d9-ddb5-4fa4-a97d-d965ccfc6d4b" outcome="Passed" testListId="8c84fa94-04c1-424b-9868-57a2d4851a1d" relativeResultsDirectory="9d27fe47-23f3-4a6b-9821-b4af7b278c46" />
    <UnitTestResult executionId="70f87daf-fece-494c-949a-259149f260b8" testId="2a7c75ef-78c1-a529-23f1-25a3c33516ad" testName="BrandPresetConverter_FromBackgroundStyle_SetsName" computerName="AIPLUS4" duration="00:00:00.0001638" startTime="2026-05-09T06:07:17.9925357-07:00" endTime="2026-05-09T06:07:17.9927578-07:00" testType="13cdc9d9-ddb5-4fa4-a97d-d965ccfc6d4b" outcome="Passed" testListId="8c84fa94-04c1-424b-9868-57a2d4851a1d" relativeResultsDirectory="70f87daf-fece-494c-949a-259149f260b8" />
    <UnitTestResult executionId="a6178ac8-dc60-4899-9cd4-79b4c726317a" testId="ef0eb915-7de3-08cd-8986-40ff9acd40b4" testName="GetResolutionDimensions_ReturnsExpected (HD720,1280,720)" computerName="AIPLUS4" duration="00:00:00.0001223" startTime="2026-05-09T06:07:17.9606241-07:00" endTime="2026-05-09T06:07:17.9609045-07:00" testType="13cdc9d9-ddb5-4fa4-a97d-d965ccfc6d4b" outcome="Passed" testListId="8c84fa94-04c1-424b-9868-57a2d4851a1d" relativeResultsDirectory="a6178ac8-dc60-4899-9cd4-79b4c726317a" />
    <UnitTestResult executionId="f8a18ab6-0f4c-4994-afeb-55b600df668e" testId="87ee16ee-a01e-bb5c-f445-2aa57f63c70a" testName="AddZoomSegment_Multiple_SortedByTimestamp" computerName="AIPLUS4" duration="00:00:00.0003231" startTime="2026-05-09T06:07:17.9578966-07:00" endTime="2026-05-09T06:07:17.9582473-07:00" testType="13cdc9d9-ddb5-4fa4-a97d-d965ccfc6d4b" outcome="Passed" testListId="8c84fa94-04c1-424b-9868-57a2d4851a1d" relativeResultsDirectory="f8a18ab6-0f4c-4994-afeb-55b600df668e" />
    <UnitTestResult executionId="f47a1a51-cbcc-4448-b02e-df3a3fe707b9" testId="ac9f81ab-43ca-9e8e-0416-6917311cc644" testName="MoveZoomKeyframe_AutoToManual_SuppressesClick" computerName="AIPLUS4" duration="00:00:00.0006003" startTime="2026-05-09T06:07:17.9572543-07:00" endTime="2026-05-09T06:07:17.9578826-07:00" testType="13cdc9d9-ddb5-4fa4-a97d-d965ccfc6d4b" outcome="Passed" testListId="8c84fa94-04c1-424b-9868-57a2d4851a1d" relativeResultsDirectory="f47a1a51-cbcc-4448-b02e-df3a3fe707b9" />
    <UnitTestResult executionId="9652c44f-04d6-483f-b162-8da25de245f1" testId="140b9675-9596-b3ca-abc3-3e163a9a5ee5" testName="SaveAndLoad_EmptyRecording_RoundTrips" computerName="AIPLUS4" duration="00:00:00.0084238" startTime="2026-05-09T06:07:17.9635898-07:00" endTime="2026-05-09T06:07:17.9721135-07:00" testType="13cdc9d9-ddb5-4fa4-a97d-d965ccfc6d4b" outcome="Passed" testListId="8c84fa94-04c1-424b-9868-57a2d4851a1d" relativeResultsDirectory="9652c44f-04d6-483f-b162-8da25de245f1" />
    <UnitTestResult executionId="ed403db3-edb4-447c-9c90-7d95db1b1e63" testId="4360ae4a-79f6-efad-4a5e-3ac5d859c809" testName="CalculateOutputDimensions_Auto1080p_FitsSourceAspectRatio" computerName="AIPLUS4" duration="00:00:00.0037111" startTime="2026-05-09T06:07:17.8335943-07:00" endTime="2026-05-09T06:07:17.8498130-07:00" testType="13cdc9d9-ddb5-4fa4-a97d-d965ccfc6d4b" outcome="Passed" testListId="8c84fa94-04c1-424b-9868-57a2d4851a1d" relativeResultsDirectory="ed403db3-edb4-447c-9c90-7d95db1b1e63" />
    <UnitTestResult executionId="3d3cc637-2a09-4cf1-a3c5-ee8e0b7afb47" testId="6b95a580-7d3b-f33f-452b-059d5fe6430b" testName="CalculateOutputSize_WithZeroPadding_ReturnsSameSize" computerName="AIPLUS4" duration="00:00:00.0001452" startTime="2026-05-09T06:07:17.8810713-07:00" endTime="2026-05-09T06:07:17.8812562-07:00" testType="13cdc9d9-ddb5-4fa4-a97d-d965ccfc6d4b" outcome="Passed" testListId="8c84fa94-04c1-424b-9868-57a2d4851a1d" relativeResultsDirectory="3d3cc637-2a09-4cf1-a3c5-ee8e0b7afb47" />
    <UnitTestResult executionId="da53c1a7-0677-4cef-9ce0-fda7116693fd" testId="1f8ea1e9-8007-8ee6-1200-f3afd2df3b80" testName="EffectiveDuration_BothTrims_CalculatesCorrectly" computerName="AIPLUS4" duration="00:00:00.0000735" startTime="2026-05-09T06:07:18.0040147-07:00" endTime="2026-05-09T06:07:18.0041534-07:00" testType="13cdc9d9-ddb5-4fa4-a97d-d965ccfc6d4b" outcome="Passed" testListId="8c84fa94-04c1-424b-9868-57a2d4851a1d" relativeResultsDirectory="da53c1a7-0677-4cef-9ce0-fda7116693fd" />
    <UnitTestResult executionId="aa09fac4-013b-4ab5-a614-352b8363f985" testId="2ae9b36e-1bf7-5b13-9bb8-b4e0850ec125" testName="Project_DefaultDimensions_AreZero" computerName="AIPLUS4" duration="00:00:00.0000899" startTime="2026-05-09T06:07:17.9875121-07:00" endTime="2026-05-09T06:07:17.9876280-07:00" testType="13cdc9d9-ddb5-4fa4-a97d-d965ccfc6d4b" outcome="Passed" testListId="8c84fa94-04c1-424b-9868-57a2d4851a1d" relativeResultsDirectory="aa09fac4-013b-4ab5-a614-352b8363f985" />
    <UnitTestResult executionId="c664eb0a-7c97-495c-ba49-33c5d170e5f4" testId="7431958d-0e2e-731c-730c-fb9fc6f0bf7e" testName="RippleDelete_ReducesDuration" computerName="AIPLUS4" duration="00:00:00.0011120" startTime="2026-05-09T06:07:17.9595872-07:00" endTime="2026-05-09T06:07:17.9607326-07:00" testType="13cdc9d9-ddb5-4fa4-a97d-d965ccfc6d4b" outcome="Passed" testListId="8c84fa94-04c1-424b-9868-57a2d4851a1d" relativeResultsDirectory="c664eb0a-7c97-495c-ba49-33c5d170e5f4" />
    <UnitTestResult executionId="5693ba8c-c247-4051-803d-ea96c233db3b" testId="bb6ba509-f164-69c8-7049-1d55794968af" testName="GetZoomState_ViewportClamped_StaysInBounds" computerName="AIPLUS4" duration="00:00:00.0039391" startTime="2026-05-09T06:07:17.8760398-07:00" endTime="2026-05-09T06:07:17.8800166-07:00" testType="13cdc9d9-ddb5-4fa4-a97d-d965ccfc6d4b" outcome="Passed" testListId="8c84fa94-04c1-424b-9868-57a2d4851a1d" relativeResultsDirectory="5693ba8c-c247-4051-803d-ea96c233db3b" />
    <UnitTestResult executionId="6d9906d7-3657-4afe-a576-569df61a0d95" testId="c0bf4be9-3f38-3df1-c8a2-a5de8ce1f78f" testName="GetDisplayName_Landscape_Contains16x9" computerName="AIPLUS4" duration="00:00:00.0001815" startTime="2026-05-09T06:07:17.8705613-07:00" endTime="2026-05-09T06:07:17.8707843-07:00" testType="13cdc9d9-ddb5-4fa4-a97d-d965ccfc6d4b" outcome="Passed" testListId="8c84fa94-04c1-424b-9868-57a2d4851a1d" relativeResultsDirectory="6d9906d7-3657-4afe-a576-569df61a0d95" />
    <UnitTestResult executionId="a23ac6b9-5ea1-41db-874b-3522b49fdc50" testId="bad71ed8-717b-fab8-f30c-e2936f7e82fc" testName="SmoothPath_SpringPhysics_SmoothsJitter" computerName="AIPLUS4" duration="00:00:00.0061896" startTime="2026-05-09T06:07:17.9563547-07:00" endTime="2026-05-09T06:07:17.9625722-07:00" testType="13cdc9d9-ddb5-4fa4-a97d-d965ccfc6d4b" outcome="Passed" testListId="8c84fa94-04c1-424b-9868-57a2d4851a1d" relativeResultsDirectory="a23ac6b9-5ea1-41db-874b-3522b49fdc50" />
    <UnitTestResult executionId="168739ef-6375-441f-b092-4adfed4aa110" testId="9b5dcd5e-3ca6-4a11-3b0c-5f112822ed2f" testName="EffectiveDuration_WithTrimEnd_ReducesDuration" computerName="AIPLUS4" duration="00:00:00.0001842" startTime="2026-05-09T06:07:18.0012201-07:00" endTime="2026-05-09T06:07:18.0036483-07:00" testType="13cdc9d9-ddb5-4fa4-a97d-d965ccfc6d4b" outcome="Passed" testListId="8c84fa94-04c1-424b-9868-57a2d4851a1d" relativeResultsDirectory="168739ef-6375-441f-b092-4adfed4aa110" />
    <UnitTestResult executionId="4f84ac13-f28f-40df-8856-4e54af18bc64" testId="d005a625-25c0-722f-682b-ee8abe1235f8" testName="RecordFrameCapture_CalculatesAverage" computerName="AIPLUS4" duration="00:00:00.0145635" startTime="2026-05-09T06:07:17.9642692-07:00" endTime="2026-05-09T06:07:17.9789474-07:00" testType="13cdc9d9-ddb5-4fa4-a97d-d965ccfc6d4b" outcome="Passed" testListId="8c84fa94-04c1-424b-9868-57a2d4851a1d" relativeResultsDirectory="4f84ac13-f28f-40df-8856-4e54af18bc64" />
    <UnitTestResult executionId="873fd13c-8429-45e7-bbde-e3c65ac0c0de" testId="62c878da-94d1-2a60-1926-a75917345ec7" testName="GetZoomState_AfterEaseOut_ReturnsNoZoom" computerName="AIPLUS4" duration="00:00:00.0048400" startTime="2026-05-09T06:07:17.8754424-07:00" endTime="2026-05-09T06:07:17.8803355-07:00" testType="13cdc9d9-ddb5-4fa4-a97d-d965ccfc6d4b" outcome="Passed" testListId="8c84fa94-04c1-424b-9868-57a2d4851a1d" relativeResultsDirectory="873fd13c-8429-45e7-bbde-e3c65ac0c0de" />
    <UnitTestResult executionId="40727821-c5d0-4b20-8bba-d5f456e449d0" testId="8a6b0e43-67ea-a29d-0ce0-1da88f0db0da" testName="CleanupSession_WithDebugLog_DeletesIt" computerName="AIPLUS4" duration="00:00:00.0013261" startTime="2026-05-09T06:07:18.0236834-07:00" endTime="2026-05-09T06:07:18.0250451-07:00" testType="13cdc9d9-ddb5-4fa4-a97d-d965ccfc6d4b" outcome="Passed" testListId="8c84fa94-04c1-424b-9868-57a2d4851a1d" relativeResultsDirectory="40727821-c5d0-4b20-8bba-d5f456e449d0" />
    <UnitTestResult executionId="41239dce-4581-4c59-bdcd-24dc030ba4ac" testId="8083d090-4fe5-e485-23db-ee1f61291c89" testName="Evaluate_BelowZero_ClampedToZero" computerName="AIPLUS4" duration="00:00:00.0006906" startTime="2026-05-09T06:07:17.9471842-07:00" endTime="2026-05-09T06:07:17.9479124-07:00" testType="13cdc9d9-ddb5-4fa4-a97d-d965ccfc6d4b" outcome="Passed" testListId="8c84fa94-04c1-424b-9868-57a2d4851a1d" relativeResultsDirectory="41239dce-4581-4c59-bdcd-24dc030ba4ac" />
    <UnitTestResult executionId="720843b2-8383-4d66-a872-98e1565fbb91" testId="be3f9003-91c7-de84-a9ea-6c167b6060b0" testName="MarkSessionExported_NonExistentFolder_DoesNotThrow" computerName="AIPLUS4" duration="00:00:00.0016538" startTime="2026-05-09T06:07:18.0109323-07:00" endTime="2026-05-09T06:07:18.0126320-07:00" testType="13cdc9d9-ddb5-4fa4-a97d-d965ccfc6d4b" outcome="Passed" testListId="8c84fa94-04c1-424b-9868-57a2d4851a1d" relativeResultsDirectory="720843b2-8383-4d66-a872-98e1565fbb91" />
    <UnitTestResult executionId="014c8ccd-30d8-4b2f-8aca-ea6aa0789e19" testId="b0ceb516-1155-8bfd-46cf-1a73a188fb51" testName="CalculateCropRect_16x9_OnSquareSource_CropsVertically" computerName="AIPLUS4" duration="00:00:00.0001443" startTime="2026-05-09T06:07:17.8694868-07:00" endTime="2026-05-09T06:07:17.8697312-07:00" testType="13cdc9d9-ddb5-4fa4-a97d-d965ccfc6d4b" outcome="Passed" testListId="8c84fa94-04c1-424b-9868-57a2d4851a1d" relativeResultsDirectory="014c8ccd-30d8-4b2f-8aca-ea6aa0789e19" />
    <UnitTestResult executionId="cf903c2d-8270-44ad-a8e2-64c41396d5a8" testId="c278a14c-4920-2171-2d8b-5ab07de428a0" testName="SimpleTrim_TotalOutputFrames_MatchesDuration" computerName="AIPLUS4" duration="00:00:00.0027137" startTime="2026-05-09T06:07:17.9976979-07:00" endTime="2026-05-09T06:07:18.0004627-07:00" testType="13cdc9d9-ddb5-4fa4-a97d-d965ccfc6d4b" outcome="Passed" testListId="8c84fa94-04c1-424b-9868-57a2d4851a1d" relativeResultsDirectory="cf903c2d-8270-44ad-a8e2-64c41396d5a8" />
    <UnitTestResult executionId="e87f7098-ce30-402a-bfe3-cdf890e5d38f" testId="6633a35e-2e58-eb1d-691e-c91995a369c7" testName="FromRange_StartAndEnd_MatchInput" computerName="AIPLUS4" duration="00:00:00.0006708" startTime="2026-05-09T06:07:18.0055981-07:00" endTime="2026-05-09T06:07:18.0063282-07:00" testType="13cdc9d9-ddb5-4fa4-a97d-d965ccfc6d4b" outcome="Passed" testListId="8c84fa94-04c1-424b-9868-57a2d4851a1d" relativeResultsDirectory="e87f7098-ce30-402a-bfe3-cdf890e5d38f" />
    <UnitTestResult executionId="578c1dbd-f144-47f3-9635-b75327012910" testId="c3146102-9767-9673-188f-e96c475f6b8d" testName="UpdateZoomProperties_ClampsCenterValues" computerName="AIPLUS4" duration="00:00:00.0003976" startTime="2026-05-09T06:07:17.9586310-07:00" endTime="2026-05-09T06:07:17.9590585-07:00" testType="13cdc9d9-ddb5-4fa4-a97d-d965ccfc6d4b" outcome="Passed" testListId="8c84fa94-04c1-424b-9868-57a2d4851a1d" relativeResultsDirectory="578c1dbd-f144-47f3-9635-b75327012910" />
    <UnitTestResult executionId="68fa0f36-a6d8-4f74-825a-bcc5ba35f551" testId="c4c7872f-2120-7c8a-74f3-88a55e8ba78c" testName="GetReclaimableSpace_CalculatesCorrectly" computerName="AIPLUS4" duration="00:00:00.0021876" startTime="2026-05-09T06:07:18.0292233-07:00" endTime="2026-05-09T06:07:18.0314410-07:00" testType="13cdc9d9-ddb5-4fa4-a97d-d965ccfc6d4b" outcome="Passed" testListId="8c84fa94-04c1-424b-9868-57a2d4851a1d" relativeResultsDirectory="68fa0f36-a6d8-4f74-825a-bcc5ba35f551" />
    <UnitTestResult executionId="55bc53bc-9bef-45fa-8bd8-d95b88f487af" testId="2689debc-e11a-018d-5de8-56a3acc188ec" testName="RecordFrameEncoding_CalculatesAverage" computerName="AIPLUS4" duration="00:00:00.0182627" startTime="2026-05-09T06:07:17.9790068-07:00" endTime="2026-05-09T06:07:17.9973637-07:00" testType="13cdc9d9-ddb5-4fa4-a97d-d965ccfc6d4b" outcome="Passed" testListId="8c84fa94-04c1-424b-9868-57a2d4851a1d" relativeResultsDirectory="55bc53bc-9bef-45fa-8bd8-d95b88f487af" />
    <UnitTestResult executionId="d6bf17d0-52f3-4fc5-85c5-946f48f4d098" testId="13a78fcb-481e-84cd-11fd-091bb55452eb" testName="ApplyClipSpeed_InvalidIndex_DoesNotCrash" computerName="AIPLUS4" duration="00:00:00.0008566" startTime="2026-05-09T06:07:17.9595395-07:00" endTime="2026-05-09T06:07:17.9604303-07:00" testType="13cdc9d9-ddb5-4fa4-a97d-d965ccfc6d4b" outcome="Passed" testListId="8c84fa94-04c1-424b-9868-57a2d4851a1d" relativeResultsDirectory="d6bf17d0-52f3-4fc5-85c5-946f48f4d098" />
    <UnitTestResult executionId="47f38cf5-2e37-4501-910d-732be54af001" testId="5519db45-4029-b082-959b-c69e0cbd31ef" testName="SmoothPath_OneEuro_ReducesHighFrequencyNoise" computerName="AIPLUS4" duration="00:00:00.0063712" startTime="2026-05-09T06:07:17.9561295-07:00" endTime="2026-05-09T06:07:17.9625964-07:00" testType="13cdc9d9-ddb5-4fa4-a97d-d965ccfc6d4b" outcome="Passed" testListId="8c84fa94-04c1-424b-9868-57a2d4851a1d" relativeResultsDirectory="47f38cf5-2e37-4501-910d-732be54af001" />
    <UnitTestResult executionId="97866b3e-bb98-4034-abd1-0f1d55c798f8" testId="d735c948-9bf0-f41b-5172-4dcd5376599e" testName="GenerateWaveform_8bit_MaxPositive_PeaksCorrectly" computerName="AIPLUS4" duration="00:00:00.0067676" startTime="2026-05-09T06:07:17.8734945-07:00" endTime="2026-05-09T06:07:17.8803085-07:00" testType="13cdc9d9-ddb5-4fa4-a97d-d965ccfc6d4b" outcome="Passed" testListId="8c84fa94-04c1-424b-9868-57a2d4851a1d" relativeResultsDirectory="97866b3e-bb98-4034-abd1-0f1d55c798f8" />
    <UnitTestResult executionId="eee7c9b2-cc6a-4a66-a48d-772bea22f8e2" testId="dfa6d491-7e34-bcff-6cc5-85f6395901b2" testName="MinSegmentDuration_IsPositive" computerName="AIPLUS4" duration="00:00:00.0000356" startTime="2026-05-09T06:07:18.0062924-07:00" endTime="2026-05-09T06:07:18.0063598-07:00" testType="13cdc9d9-ddb5-4fa4-a97d-d965ccfc6d4b" outcome="Passed" testListId="8c84fa94-04c1-424b-9868-57a2d4851a1d" relativeResultsDirectory="eee7c9b2-cc6a-4a66-a48d-772bea22f8e2" />
    <UnitTestResult executionId="ea67e374-09b2-4af2-bdb3-22a76ee41281" testId="cd486e34-2619-43b2-0147-e946ffa7afdc" testName="CleanupSession_NoFrames_ReturnsZero" computerName="AIPLUS4" duration="00:00:00.0009731" startTime="2026-05-09T06:07:18.0226310-07:00" endTime="2026-05-09T06:07:18.0236668-07:00" testType="13cdc9d9-ddb5-4fa4-a97d-d965ccfc6d4b" outcome="Passed" testListId="8c84fa94-04c1-424b-9868-57a2d4851a1d" relativeResultsDirectory="ea67e374-09b2-4af2-bdb3-22a76ee41281" />
    <UnitTestResult executionId="2a6f5713-e12d-475f-b0de-d9ac62790729" testId="8b1134d1-fb23-bd6b-2aab-1772efe379bc" testName="GetResolutionDimensions_ReturnsExpected (HD1080,1920,1080)" computerName="AIPLUS4" duration="00:00:00.0002098" startTime="2026-05-09T06:07:17.9613700-07:00" endTime="2026-05-09T06:07:17.9616822-07:00" testType="13cdc9d9-ddb5-4fa4-a97d-d965ccfc6d4b" outcome="Passed" testListId="8c84fa94-04c1-424b-9868-57a2d4851a1d" relativeResultsDirectory="2a6f5713-e12d-475f-b0de-d9ac62790729" />
    <UnitTestResult executionId="4e35840e-c816-4aec-9275-6c5db3779527" testId="21760b07-bfa3-a14e-293a-fd7588c89615" testName="DefaultBrandPresets_All_NoNullNames" computerName="AIPLUS4" duration="00:00:00.0006376" startTime="2026-05-09T06:07:17.9925971-07:00" endTime="2026-05-09T06:07:17.9932719-07:00" testType="13cdc9d9-ddb5-4fa4-a97d-d965ccfc6d4b" outcome="Passed" testListId="8c84fa94-04c1-424b-9868-57a2d4851a1d" relativeResultsDirectory="4e35840e-c816-4aec-9275-6c5db3779527" />
    <UnitTestResult executionId="3d31b3b1-0514-4b8c-b39b-7133a67af037" testId="6be94dc4-cf89-3486-49dd-fe8c1cac9873" testName="CalculateOutputDimensions_AlwaysEvenDimensions" computerName="AIPLUS4" duration="00:00:00.0004872" startTime="2026-05-09T06:07:17.8717259-07:00" endTime="2026-05-09T06:07:17.8723195-07:00" testType="13cdc9d9-ddb5-4fa4-a97d-d965ccfc6d4b" outcome="Passed" testListId="8c84fa94-04c1-424b-9868-57a2d4851a1d" relativeResultsDirectory="3d31b3b1-0514-4b8c-b39b-7133a67af037" />
    <UnitTestResult executionId="cf17b587-b3e0-4eaf-8930-2e2104582d9b" testId="0f86a575-f156-e0db-3be2-7336877440e0" testName="ToVtt_EmptySegments_ReturnsHeaderOnly" computerName="AIPLUS4" duration="00:00:00.0000437" startTime="2026-05-09T06:07:17.9951728-07:00" endTime="2026-05-09T06:07:17.9952513-07:00" testType="13cdc9d9-ddb5-4fa4-a97d-d965ccfc6d4b" outcome="Passed" testListId="8c84fa94-04c1-424b-9868-57a2d4851a1d" relativeResultsDirectory="cf17b587-b3e0-4eaf-8930-2e2104582d9b" />
    <UnitTestResult executionId="f2dbc140-f246-42fc-ab34-e074d17269b4" testId="df104a3d-ff0f-b90a-3b12-f6058139c20c" testName="CleanupExportedSessions_NonExistentFolder_ReturnsZero" computerName="AIPLUS4" duration="00:00:00.0003640" startTime="2026-05-09T06:07:18.0288097-07:00" endTime="2026-05-09T06:07:18.0292104-07:00" testType="13cdc9d9-ddb5-4fa4-a97d-d965ccfc6d4b" outcome="Passed" testListId="8c84fa94-04c1-424b-9868-57a2d4851a1d" relativeResultsDirectory="f2dbc140-f246-42fc-ab34-e074d17269b4" />
    <UnitTestResult executionId="c058dfeb-2555-437b-ba14-2a222b053bff" testId="e599d03f-863f-bd2d-a0f6-f54c9729c345" testName="GetPeakMemoryUsageMB_AtLeastCurrentUsage" computerName="AIPLUS4" duration="00:00:00.0110297" startTime="2026-05-09T06:07:17.9851424-07:00" endTime="2026-05-09T06:07:17.9962770-07:00" testType="13cdc9d9-ddb5-4fa4-a97d-d965ccfc6d4b" outcome="Passed" testListId="8c84fa94-04c1-424b-9868-57a2d4851a1d" relativeResultsDirectory="c058dfeb-2555-437b-ba14-2a222b053bff" />
    <UnitTestResult executionId="bd181e67-e0a4-48d7-9898-8587586665d0" testId="4503ec15-fe27-92e8-77c4-0abe18db6608" testName="SaveSrtAsync_NullPath_ThrowsException" computerName="AIPLUS4" duration="00:00:00.0028104" startTime="2026-05-09T06:07:17.9952053-07:00" endTime="2026-05-09T06:07:17.9980592-07:00" testType="13cdc9d9-ddb5-4fa4-a97d-d965ccfc6d4b" outcome="Passed" testListId="8c84fa94-04c1-424b-9868-57a2d4851a1d" relativeResultsDirectory="bd181e67-e0a4-48d7-9898-8587586665d0" />
    <UnitTestResult executionId="14f147ad-ee1f-4726-a7f7-a936804f22c4" testId="fbf7e2fb-7ebd-030e-2936-81032dbc47da" testName="CalculateCropRect_Auto_ReturnsFullSource" computerName="AIPLUS4" duration="00:00:00.0004676" startTime="2026-05-09T06:07:17.8530774-07:00" endTime="2026-05-09T06:07:17.8536055-07:00" testType="13cdc9d9-ddb5-4fa4-a97d-d965ccfc6d4b" outcome="Passed" testListId="8c84fa94-04c1-424b-9868-57a2d4851a1d" relativeResultsDirectory="14f147ad-ee1f-4726-a7f7-a936804f22c4" />
    <UnitTestResult executionId="86160f2e-8863-417e-9c67-4d18e5f5385e" testId="0f83d1b3-e650-1abf-a096-4fa58288b5cb" testName="ToSrt_NullTranscription_ThrowsArgumentNullException" computerName="AIPLUS4" duration="00:00:00.0003129" startTime="2026-05-09T06:07:17.9941654-07:00" endTime="2026-05-09T06:07:17.9945967-07:00" testType="13cdc9d9-ddb5-4fa4-a97d-d965ccfc6d4b" outcome="Passed" testListId="8c84fa94-04c1-424b-9868-57a2d4851a1d" relativeResultsDirectory="86160f2e-8863-417e-9c67-4d18e5f5385e" />
    <UnitTestResult executionId="e6c7a659-e17f-473d-91e6-aab164f0acee" testId="518748a6-8fc6-c98e-80b7-41b2f0eed56c" testName="DefaultBrandPresets_All_NoNullColors" computerName="AIPLUS4" duration="00:00:00.0001541" startTime="2026-05-09T06:07:17.9931843-07:00" endTime="2026-05-09T06:07:17.9933751-07:00" testType="13cdc9d9-ddb5-4fa4-a97d-d965ccfc6d4b" outcome="Passed" testListId="8c84fa94-04c1-424b-9868-57a2d4851a1d" relativeResultsDirectory="e6c7a659-e17f-473d-91e6-aab164f0acee" />
    <UnitTestResult executionId="727eb938-e83e-4d13-b62b-539f7fab55ac" testId="7fc7a435-f423-cd87-8865-a7cee5baa361" testName="ExportPreset_DefaultValues_AreCorrect" computerName="AIPLUS4" duration="00:00:00.0022667" startTime="2026-05-09T06:07:17.9889277-07:00" endTime="2026-05-09T06:07:17.9913098-07:00" testType="13cdc9d9-ddb5-4fa4-a97d-d965ccfc6d4b" outcome="Passed" testListId="8c84fa94-04c1-424b-9868-57a2d4851a1d" relativeResultsDirectory="727eb938-e83e-4d13-b62b-539f7fab55ac" />
    <UnitTestResult executionId="e22ad97b-b093-43da-9348-a766decaa6e7" testId="1926f028-0c81-909d-088a-941e9ebe622d" testName="GetResolutionDimensions_UnknownValue_FallsBackTo1080p" computerName="AIPLUS4" duration="00:00:00.0001392" startTime="2026-05-09T06:07:17.9613963-07:00" endTime="2026-05-09T06:07:17.9615637-07:00" testType="13cdc9d9-ddb5-4fa4-a97d-d965ccfc6d4b" outcome="Passed" testListId="8c84fa94-04c1-424b-9868-57a2d4851a1d" relativeResultsDirectory="e22ad97b-b093-43da-9348-a766decaa6e7" />
    <UnitTestResult executionId="3d838377-d4b9-449d-b438-326b11097c77" testId="bcf97019-9aad-ccb8-cbac-9946a8e3da83" testName="RecordFrameCapture_IncrementsCount" computerName="AIPLUS4" duration="00:00:00.0208470" startTime="2026-05-09T06:07:17.9644455-07:00" endTime="2026-05-09T06:07:17.9853520-07:00" testType="13cdc9d9-ddb5-4fa4-a97d-d965ccfc6d4b" outcome="Passed" testListId="8c84fa94-04c1-424b-9868-57a2d4851a1d" relativeResultsDirectory="3d838377-d4b9-449d-b438-326b11097c77" />
    <UnitTestResult executionId="08d93fb1-f76d-4e78-903a-10caf625bbb5" testId="b5862e4a-e4d0-5e2c-0c3f-9f57e7a1bcc5" testName="SaveAndLoad_RoundTrip_PreservesData" computerName="AIPLUS4" duration="00:00:00.0092325" startTime="2026-05-09T06:07:17.9635871-07:00" endTime="2026-05-09T06:07:17.9729068-07:00" testType="13cdc9d9-ddb5-4fa4-a97d-d965ccfc6d4b" outcome="Passed" testListId="8c84fa94-04c1-424b-9868-57a2d4851a1d" relativeResultsDirectory="08d93fb1-f76d-4e78-903a-10caf625bbb5" />
    <UnitTestResult executionId="f2be2883-6dd2-4033-b8de-2f6d1eaa46fb" testId="d8a90009-f465-fa86-2bec-145912105a30" testName="MoveZoomKeyframe_Undo_RestoresOriginal" computerName="AIPLUS4" duration="00:00:00.0006229" startTime="2026-05-09T06:07:17.9570607-07:00" endTime="2026-05-09T06:07:17.9577806-07:00" testType="13cdc9d9-ddb5-4fa4-a97d-d965ccfc6d4b" outcome="Passed" testListId="8c84fa94-04c1-424b-9868-57a2d4851a1d" relativeResultsDirectory="f2be2883-6dd2-4033-b8de-2f6d1eaa46fb" />
    <UnitTestResult executionId="8ea657ff-fed2-4c68-b2e6-b84dcdf689ef" testId="afa92b5a-cd5e-3a25-3795-870f1f24e7c6" testName="UpdateZoomProperties_ChangesZoomLevel" computerName="AIPLUS4" duration="00:00:00.0003661" startTime="2026-05-09T06:07:17.9586226-07:00" endTime="2026-05-09T06:07:17.9590191-07:00" testType="13cdc9d9-ddb5-4fa4-a97d-d965ccfc6d4b" outcome="Passed" testListId="8c84fa94-04c1-424b-9868-57a2d4851a1d" relativeResultsDirectory="8ea657ff-fed2-4c68-b2e6-b84dcdf689ef" />
    <UnitTestResult executionId="77d9b734-c1a2-443b-9518-d28a74f8831d" testId="5d012026-3286-6414-5b6d-0e23caad1894" testName="CleanupSession_NoVideo_ReturnsZero" computerName="AIPLUS4" duration="00:00:00.0019558" startTime="2026-05-09T06:07:18.0205674-07:00" endTime="2026-05-09T06:07:18.0225877-07:00" testType="13cdc9d9-ddb5-4fa4-a97d-d965ccfc6d4b" outcome="Passed" testListId="8c84fa94-04c1-424b-9868-57a2d4851a1d" relativeResultsDirectory="77d9b734-c1a2-443b-9518-d28a74f8831d" />
    <UnitTestResult executionId="8625b2e2-9927-4660-a37c-e09aa41204f8" testId="b4601c90-387d-8478-4c00-07bb8333e002" testName="TimelineClip_EffectiveSourceStart_DefaultsToStart" computerName="AIPLUS4" duration="00:00:00.0000557" startTime="2026-05-09T06:07:18.0069022-07:00" endTime="2026-05-09T06:07:18.0069996-07:00" testType="13cdc9d9-ddb5-4fa4-a97d-d965ccfc6d4b" outcome="Passed" testListId="8c84fa94-04c1-424b-9868-57a2d4851a1d" relativeResultsDirectory="8625b2e2-9927-4660-a37c-e09aa41204f8" />
    <UnitTestResult executionId="08179ce9-2714-486b-b6dc-b5f04b4947ee" testId="73628575-5cbd-0b2d-62db-735b4c65f940" testName="GenerateWaveform_ZeroChannels_ReturnsEmpty" computerName="AIPLUS4" duration="00:00:00.0020710" startTime="2026-05-09T06:07:17.8719404-07:00" endTime="2026-05-09T06:07:17.8740378-07:00" testType="13cdc9d9-ddb5-4fa4-a97d-d965ccfc6d4b" outcome="Passed" testListId="8c84fa94-04c1-424b-9868-57a2d4851a1d" relativeResultsDirectory="08179ce9-2714-486b-b6dc-b5f04b4947ee" />
    <UnitTestResult executionId="7eb49950-9ab4-4775-8223-c5e47ad1b25c" testId="dc1ca9b4-d129-ba03-e4a0-030da90c3949" testName="GenerateWaveform_ZeroTargetCount_ReturnsEmpty" computerName="AIPLUS4" duration="00:00:00.0021724" startTime="2026-05-09T06:07:17.8717920-07:00" endTime="2026-05-09T06:07:17.8740189-07:00" testType="13cdc9d9-ddb5-4fa4-a97d-d965ccfc6d4b" outcome="Passed" testListId="8c84fa94-04c1-424b-9868-57a2d4851a1d" relativeResultsDirectory="7eb49950-9ab4-4775-8223-c5e47ad1b25c" />
    <UnitTestResult executionId="9a8e1cc7-4f67-4063-8218-eb44016cfc53" testId="8208ed05-59c7-13fa-eefa-0f22535a02c7" testName="ZoomKeyframe_RecordEquality_WorksOnValues" computerName="AIPLUS4" duration="00:00:00.0005145" startTime="2026-05-09T06:07:18.0041363-07:00" endTime="2026-05-09T06:07:18.0046898-07:00" testType="13cdc9d9-ddb5-4fa4-a97d-d965ccfc6d4b" outcome="Passed" testListId="8c84fa94-04c1-424b-9868-57a2d4851a1d" relativeResultsDirectory="9a8e1cc7-4f67-4063-8218-eb44016cfc53" />
    <UnitTestResult executionId="cd8470e0-e57c-4a10-8980-e11618930246" testId="6f70283e-0d43-bdf5-655c-d04d80b1361c" testName="FromRange_CustomCenter_IsRetained" computerName="AIPLUS4" duration="00:00:00.0002061" startTime="2026-05-09T06:07:18.0056757-07:00" endTime="2026-05-09T06:07:18.0059473-07:00" testType="13cdc9d9-ddb5-4fa4-a97d-d965ccfc6d4b" outcome="Passed" testListId="8c84fa94-04c1-424b-9868-57a2d4851a1d" relativeResultsDirectory="cd8470e0-e57c-4a10-8980-e11618930246" />
    <UnitTestResult executionId="5061d8da-7136-4019-856c-476f3d49c3c9" testId="99036df5-f634-2020-e2f4-99bc3470715b" testName="IsDeleted_WithClips_OutsideClipIsDeleted" computerName="AIPLUS4" duration="00:00:00.0000859" startTime="2026-05-09T06:07:18.0004856-07:00" endTime="2026-05-09T06:07:18.0006098-07:00" testType="13cdc9d9-ddb5-4fa4-a97d-d965ccfc6d4b" outcome="Passed" testListId="8c84fa94-04c1-424b-9868-57a2d4851a1d" relativeResultsDirectory="5061d8da-7136-4019-856c-476f3d49c3c9" />
    <UnitTestResult executionId="697f2ced-6fee-4ddf-9064-f3b47a7974c3" testId="7613c884-42ff-399f-9f52-7a503a70f53f" testName="GenerateWaveform_16bit_MaxAmplitude_PeaksAtOne" computerName="AIPLUS4" duration="00:00:00.0073195" startTime="2026-05-09T06:07:17.8729552-07:00" endTime="2026-05-09T06:07:17.8803237-07:00" testType="13cdc9d9-ddb5-4fa4-a97d-d965ccfc6d4b" outcome="Passed" testListId="8c84fa94-04c1-424b-9868-57a2d4851a1d" relativeResultsDirectory="697f2ced-6fee-4ddf-9064-f3b47a7974c3" />
    <UnitTestResult executionId="d2386f58-f8d0-4501-8d5a-2230e4e328fd" testId="2bc0021f-a11d-e4e1-496f-b095b92b6dfd" testName="GetDisplayName_Auto_ReturnsAuto" computerName="AIPLUS4" duration="00:00:00.0011645" startTime="2026-05-09T06:07:17.8705665-07:00" endTime="2026-05-09T06:07:17.8717782-07:00" testType="13cdc9d9-ddb5-4fa4-a97d-d965ccfc6d4b" outcome="Passed" testListId="8c84fa94-04c1-424b-9868-57a2d4851a1d" relativeResultsDirectory="d2386f58-f8d0-4501-8d5a-2230e4e328fd" />
    <UnitTestResult executionId="462583ea-e09d-475a-9494-573e2f00c5de" testId="067953ce-6be9-60a3-fe2b-d9cd7361fa3c" testName="SaveVttAsync_WritesCorrectFile" computerName="AIPLUS4" duration="00:00:00.0020471" startTime="2026-05-09T06:07:18.0412925-07:00" endTime="2026-05-09T06:07:18.0437670-07:00" testType="13cdc9d9-ddb5-4fa4-a97d-d965ccfc6d4b" outcome="Passed" testListId="8c84fa94-04c1-424b-9868-57a2d4851a1d" relativeResultsDirectory="462583ea-e09d-475a-9494-573e2f00c5de" />
    <UnitTestResult executionId="079890ab-ab25-4433-97f2-546f35bf0576" testId="d3f3bc07-eac8-0fbc-1b48-18e1dc317203" testName="Properties_ExposeTimelineValues" computerName="AIPLUS4" duration="00:00:00.0006486" startTime="2026-05-09T06:07:18.0005089-07:00" endTime="2026-05-09T06:07:18.0012115-07:00" testType="13cdc9d9-ddb5-4fa4-a97d-d965ccfc6d4b" outcome="Passed" testListId="8c84fa94-04c1-424b-9868-57a2d4851a1d" relativeResultsDirectory="079890ab-ab25-4433-97f2-546f35bf0576" />
    <UnitTestResult executionId="fdf6d0db-4d42-457a-a1cf-7a89d5480632" testId="aaf6c4f9-4b51-27f6-f7ca-47510326acc8" testName="KeyPressEvent_KeyUp_HasIsDownFalse" computerName="AIPLUS4" duration="00:00:00.0002491" startTime="2026-05-09T06:07:17.9621130-07:00" endTime="2026-05-09T06:07:17.9623981-07:00" testType="13cdc9d9-ddb5-4fa4-a97d-d965ccfc6d4b" outcome="Passed" testListId="8c84fa94-04c1-424b-9868-57a2d4851a1d" relativeResultsDirectory="fdf6d0db-4d42-457a-a1cf-7a89d5480632" />
    <UnitTestResult executionId="227cb419-7f9d-448f-8f52-7c5bb5a4a4d1" testId="113b1e57-821c-594a-0483-6daa9759b4f8" testName="ParseColor_WithoutHash_StillWorks" computerName="AIPLUS4" duration="00:00:00.0639548" startTime="2026-05-09T06:07:17.8830062-07:00" endTime="2026-05-09T06:07:17.9470225-07:00" testType="13cdc9d9-ddb5-4fa4-a97d-d965ccfc6d4b" outcome="Passed" testListId="8c84fa94-04c1-424b-9868-57a2d4851a1d" relativeResultsDirectory="227cb419-7f9d-448f-8f52-7c5bb5a4a4d1" />
    <UnitTestResult executionId="b93940fd-b77e-4e74-8c1f-2c98ff2f77e4" testId="8831e1ff-5569-c9c4-be8f-71e1c0820d1c" testName="RemoveManualKeyframe_RemovesCorrectKeyframe" computerName="AIPLUS4" duration="00:00:00.0005850" startTime="2026-05-09T06:07:17.8777905-07:00" endTime="2026-05-09T06:07:17.8784164-07:00" testType="13cdc9d9-ddb5-4fa4-a97d-d965ccfc6d4b" outcome="Passed" testListId="8c84fa94-04c1-424b-9868-57a2d4851a1d" relativeResultsDirectory="b93940fd-b77e-4e74-8c1f-2c98ff2f77e4" />
    <UnitTestResult executionId="3b3eb1dd-aca0-446b-a97b-f37fd1b83c7f" testId="fff9a62d-00c0-d43d-8657-8d2a243b183d" testName="ResizeZoomSegment_Undo_RestoresOriginal" computerName="AIPLUS4" duration="00:00:00.0004226" startTime="2026-05-09T06:07:17.9605954-07:00" endTime="2026-05-09T06:07:17.9610485-07:00" testType="13cdc9d9-ddb5-4fa4-a97d-d965ccfc6d4b" outcome="Passed" testListId="8c84fa94-04c1-424b-9868-57a2d4851a1d" relativeResultsDirectory="3b3eb1dd-aca0-446b-a97b-f37fd1b83c7f" />
    <UnitTestResult executionId="ab79d604-d198-4225-83eb-0e44c2707a89" testId="0d4d69bd-c1c7-e45a-0ee8-55f16ec2129c" testName="WithOpacity_FullOpacity_ReturnsAlpha255" computerName="AIPLUS4" duration="00:00:00.0639165" startTime="2026-05-09T06:07:17.8836228-07:00" endTime="2026-05-09T06:07:17.9475770-07:00" testType="13cdc9d9-ddb5-4fa4-a97d-d965ccfc6d4b" outcome="Passed" testListId="8c84fa94-04c1-424b-9868-57a2d4851a1d" relativeResultsDirectory="ab79d604-d198-4225-83eb-0e44c2707a89" />
    <UnitTestResult executionId="679132c1-2404-46a3-9744-aa38ba7356bb" testId="2a8c29a8-52ce-8555-ead2-c8a8185a6f7e" testName="Project_DefaultId_IsUniqueGuid" computerName="AIPLUS4" duration="00:00:00.0013687" startTime="2026-05-09T06:07:17.9853952-07:00" endTime="2026-05-09T06:07:17.9869441-07:00" testType="13cdc9d9-ddb5-4fa4-a97d-d965ccfc6d4b" outcome="Passed" testListId="8c84fa94-04c1-424b-9868-57a2d4851a1d" relativeResultsDirectory="679132c1-2404-46a3-9744-aa38ba7356bb" />
    <UnitTestResult executionId="7377c8a7-3ac6-430c-8333-0c13d499002b" testId="669027f6-1a53-6b1c-0762-0730e68527ea" testName="TrimOperation_Undo_RestoresOriginal" computerName="AIPLUS4" duration="00:00:00.0004467" startTime="2026-05-09T06:07:17.9952664-07:00" endTime="2026-05-09T06:07:17.9957923-07:00" testType="13cdc9d9-ddb5-4fa4-a97d-d965ccfc6d4b" outcome="Passed" testListId="8c84fa94-04c1-424b-9868-57a2d4851a1d" relativeResultsDirectory="7377c8a7-3ac6-430c-8333-0c13d499002b" />
    <UnitTestResult executionId="f4a20b99-4a68-4b25-af13-83140c3b16d4" testId="5a8562ca-654b-7f9b-c57f-ee43b93b8766" testName="SpeedChangeOperation_Undo_RemovesSegment" computerName="AIPLUS4" duration="00:00:00.0001088" startTime="2026-05-09T06:07:17.9969384-07:00" endTime="2026-05-09T06:07:17.9971340-07:00" testType="13cdc9d9-ddb5-4fa4-a97d-d965ccfc6d4b" outcome="Passed" testListId="8c84fa94-04c1-424b-9868-57a2d4851a1d" relativeResultsDirectory="f4a20b99-4a68-4b25-af13-83140c3b16d4" />
    <UnitTestResult executionId="67f8c4c3-4d00-466d-8763-07f139c6de25" testId="e301e595-d7f0-c04d-d652-c01ba2d95a48" testName="CalculateOutputDimensions_ZeroSource_FallsBackToResolution" computerName="AIPLUS4" duration="00:00:00.0000680" startTime="2026-05-09T06:07:17.8527890-07:00" endTime="2026-05-09T06:07:17.8529662-07:00" testType="13cdc9d9-ddb5-4fa4-a97d-d965ccfc6d4b" outcome="Passed" testListId="8c84fa94-04c1-424b-9868-57a2d4851a1d" relativeResultsDirectory="67f8c4c3-4d00-466d-8763-07f139c6de25" />
    <UnitTestResult executionId="76b366ec-263a-43ea-9551-fc99e998e132" testId="60cf3aa0-2381-534e-5ef3-624c97b536ac" testName="SplitOperation_CreatesTwoClips" computerName="AIPLUS4" duration="00:00:00.0004230" startTime="2026-05-09T06:07:17.9960310-07:00" endTime="2026-05-09T06:07:17.9965256-07:00" testType="13cdc9d9-ddb5-4fa4-a97d-d965ccfc6d4b" outcome="Passed" testListId="8c84fa94-04c1-424b-9868-57a2d4851a1d" relativeResultsDirectory="76b366ec-263a-43ea-9551-fc99e998e132" />
    <UnitTestResult executionId="fa3586b6-6aed-4855-9692-e4612bf7b86f" testId="f2a2ab64-e0b9-b6b1-e988-e83c5bf31df3" testName="MouseRecordingData_DefaultCollections_AreEmpty" computerName="AIPLUS4" duration="00:00:00.0000459" startTime="2026-05-09T06:07:17.9635879-07:00" endTime="2026-05-09T06:07:17.9637167-07:00" testType="13cdc9d9-ddb5-4fa4-a97d-d965ccfc6d4b" outcome="Passed" testListId="8c84fa94-04c1-424b-9868-57a2d4851a1d" relativeResultsDirectory="fa3586b6-6aed-4855-9692-e4612bf7b86f" />
    <UnitTestResult executionId="1f78c0c4-32c4-452e-81ad-dd090ce65897" testId="fe3acff1-9156-11ae-28b1-532035d36e1b" testName="FreshMonitor_Report_HasZeroCounters" computerName="AIPLUS4" duration="00:00:00.0146169" startTime="2026-05-09T06:07:17.9642501-07:00" endTime="2026-05-09T06:07:17.9789745-07:00" testType="13cdc9d9-ddb5-4fa4-a97d-d965ccfc6d4b" outcome="Passed" testListId="8c84fa94-04c1-424b-9868-57a2d4851a1d" relativeResultsDirectory="1f78c0c4-32c4-452e-81ad-dd090ce65897" />
    <UnitTestResult executionId="f828d534-4ff5-4f66-afd3-f4355df877a5" testId="f92490ad-3b17-858e-97b7-a27af2a6bb9b" testName="WithOpacity_HalfOpacity_ReturnsAlpha127Or128" computerName="AIPLUS4" duration="00:00:00.0007841" startTime="2026-05-09T06:07:17.9462753-07:00" endTime="2026-05-09T06:07:17.9472152-07:00" testType="13cdc9d9-ddb5-4fa4-a97d-d965ccfc6d4b" outcome="Passed" testListId="8c84fa94-04c1-424b-9868-57a2d4851a1d" relativeResultsDirectory="f828d534-4ff5-4f66-afd3-f4355df877a5" />
    <UnitTestResult executionId="9ed6cb75-4990-42f6-91f0-897b8cd97436" testId="5196d70a-a995-370d-6390-5bbdf2311cfb" testName="RippleDelete_RemovesClipAndShifts" computerName="AIPLUS4" duration="00:00:00.0008484" startTime="2026-05-09T06:07:17.9595816-07:00" endTime="2026-05-09T06:07:17.9604715-07:00" testType="13cdc9d9-ddb5-4fa4-a97d-d965ccfc6d4b" outcome="Passed" testListId="8c84fa94-04c1-424b-9868-57a2d4851a1d" relativeResultsDirectory="9ed6cb75-4990-42f6-91f0-897b8cd97436" />
    <UnitTestResult executionId="1465a85c-3216-4607-92a2-198121d82d05" testId="8d789277-833d-d605-92a5-b178079a7830" testName="SpeedSegment_Construction_HasCorrectValues" computerName="AIPLUS4" duration="00:00:00.0000711" startTime="2026-05-09T06:07:18.0048477-07:00" endTime="2026-05-09T06:07:18.0049654-07:00" testType="13cdc9d9-ddb5-4fa4-a97d-d965ccfc6d4b" outcome="Passed" testListId="8c84fa94-04c1-424b-9868-57a2d4851a1d" relativeResultsDirectory="1465a85c-3216-4607-92a2-198121d82d05" />
    <UnitTestResult executionId="350474f6-7ce8-441b-a1fb-660a1148c308" testId="b08ca6d0-4946-6a69-64ea-9ab1183a0f10" testName="MoveZoomKeyframe_MovesTimestamp" computerName="AIPLUS4" duration="00:00:00.0008725" startTime="2026-05-09T06:07:17.9570576-07:00" endTime="2026-05-09T06:07:17.9580175-07:00" testType="13cdc9d9-ddb5-4fa4-a97d-d965ccfc6d4b" outcome="Passed" testListId="8c84fa94-04c1-424b-9868-57a2d4851a1d" relativeResultsDirectory="350474f6-7ce8-441b-a1fb-660a1148c308" />
    <UnitTestResult executionId="3a88c902-baa1-44ea-aa59-4f5b8ea1999f" testId="bdace599-5205-87de-0299-5888b3b55661" testName="CalculateCropRect_CropFitsWithinSource" computerName="AIPLUS4" duration="00:00:00.0018191" startTime="2026-05-09T06:07:17.8697523-07:00" endTime="2026-05-09T06:07:17.8716011-07:00" testType="13cdc9d9-ddb5-4fa4-a97d-d965ccfc6d4b" outcome="Passed" testListId="8c84fa94-04c1-424b-9868-57a2d4851a1d" relativeResultsDirectory="3a88c902-baa1-44ea-aa59-4f5b8ea1999f" />
    <UnitTestResult executionId="6e439d75-b26f-44d1-b36f-60e874b71e2f" testId="454a2941-3700-a259-a310-2439626cdb45" testName="CalculateOutputDimensions_TallSource_AutoFits" computerName="AIPLUS4" duration="00:00:00.0000675" startTime="2026-05-09T06:07:17.8529945-07:00" endTime="2026-05-09T06:07:17.8530935-07:00" testType="13cdc9d9-ddb5-4fa4-a97d-d965ccfc6d4b" outcome="Passed" testListId="8c84fa94-04c1-424b-9868-57a2d4851a1d" relativeResultsDirectory="6e439d75-b26f-44d1-b36f-60e874b71e2f" />
    <UnitTestResult executionId="8f8e6b21-792a-4722-8e73-92f713b3d326" testId="6a696748-0f57-e9c5-b489-7927667a02ba" testName="DefaultBrandPresets_NamedPresets_AreInAllCollection" computerName="AIPLUS4" duration="00:00:00.0000715" startTime="2026-05-09T06:07:17.9932852-07:00" endTime="2026-05-09T06:07:17.9933873-07:00" testType="13cdc9d9-ddb5-4fa4-a97d-d965ccfc6d4b" outcome="Passed" testListId="8c84fa94-04c1-424b-9868-57a2d4851a1d" relativeResultsDirectory="8f8e6b21-792a-4722-8e73-92f713b3d326" />
    <UnitTestResult executionId="9b31c572-83de-4dd2-a927-1512b1581716" testId="5db42e70-808b-b08d-7f9c-0d8ff9ed581a" testName="BackgroundStyle_WithCustomValues_ReturnsNewRecord" computerName="AIPLUS4" duration="00:00:00.0002127" startTime="2026-05-09T06:07:17.8819332-07:00" endTime="2026-05-09T06:07:17.8822095-07:00" testType="13cdc9d9-ddb5-4fa4-a97d-d965ccfc6d4b" outcome="Passed" testListId="8c84fa94-04c1-424b-9868-57a2d4851a1d" relativeResultsDirectory="9b31c572-83de-4dd2-a927-1512b1581716" />
    <UnitTestResult executionId="c33bc8f4-3f07-401d-948e-ee3252668803" testId="89ce2746-1d51-5669-9e11-a3b2541e8ffd" testName="CleanupSession_WithFrames_DeletesAndReturnsBytes" computerName="AIPLUS4" duration="00:00:00.0032493" startTime="2026-05-09T06:07:18.0172551-07:00" endTime="2026-05-09T06:07:18.0205427-07:00" testType="13cdc9d9-ddb5-4fa4-a97d-d965ccfc6d4b" outcome="Passed" testListId="8c84fa94-04c1-424b-9868-57a2d4851a1d" relativeResultsDirectory="c33bc8f4-3f07-401d-948e-ee3252668803" />
    <UnitTestResult executionId="7d6360e0-d3a8-4098-a7bc-cb11db762bce" testId="06a78f77-3149-7549-5cfe-bc174765c95b" testName="EffectiveDuration_WithTrimStart_ReducesDuration" computerName="AIPLUS4" duration="00:00:00.0021957" startTime="2026-05-09T06:07:18.0011595-07:00" endTime="2026-05-09T06:07:18.0034411-07:00" testType="13cdc9d9-ddb5-4fa4-a97d-d965ccfc6d4b" outcome="Passed" testListId="8c84fa94-04c1-424b-9868-57a2d4851a1d" relativeResultsDirectory="7d6360e0-d3a8-4098-a7bc-cb11db762bce" />
    <UnitTestResult executionId="057ba7fe-1ef2-466b-92a8-409d17658093" testId="6545d314-82db-8fbf-66ce-3c357a71e2b3" testName="SpeedChangeOperation_AddsSegment" computerName="AIPLUS4" duration="00:00:00.0005520" startTime="2026-05-09T06:07:17.9960315-07:00" endTime="2026-05-09T06:07:17.9966152-07:00" testType="13cdc9d9-ddb5-4fa4-a97d-d965ccfc6d4b" outcome="Passed" testListId="8c84fa94-04c1-424b-9868-57a2d4851a1d" relativeResultsDirectory="057ba7fe-1ef2-466b-92a8-409d17658093" />
    <UnitTestResult executionId="788a69b4-190f-43bb-b900-e84d79e2e459" testId="ad52fa91-67ba-0706-e4fc-93071a208cbf" testName="DropRate_CalculatedCorrectly" computerName="AIPLUS4" duration="00:00:00.0161011" startTime="2026-05-09T06:07:17.9647364-07:00" endTime="2026-05-09T06:07:17.9809248-07:00" testType="13cdc9d9-ddb5-4fa4-a97d-d965ccfc6d4b" outcome="Passed" testListId="8c84fa94-04c1-424b-9868-57a2d4851a1d" relativeResultsDirectory="788a69b4-190f-43bb-b900-e84d79e2e459" />
    <UnitTestResult executionId="486a01b3-50c2-4593-8e09-e95c8feabb9c" testId="dd7e0fee-f8bf-2025-dd12-d96affe29a0c" testName="CalculateOutputDimensions_Portrait9x16_At1080p_ProducesPortrait" computerName="AIPLUS4" duration="00:00:00.0036863" startTime="2026-05-09T06:07:17.8336110-07:00" endTime="2026-05-09T06:07:17.8498312-07:00" testType="13cdc9d9-ddb5-4fa4-a97d-d965ccfc6d4b" outcome="Passed" testListId="8c84fa94-04c1-424b-9868-57a2d4851a1d" relativeResultsDirectory="486a01b3-50c2-4593-8e09-e95c8feabb9c" />
    <UnitTestResult executionId="2f47a318-4e69-467c-9733-8882f729f6a7" testId="e717078f-6ebb-2254-1148-a3e239b59d9b" testName="Constructor_NullTimeline_ThrowsArgumentNullException" computerName="AIPLUS4" duration="00:00:00.0003541" startTime="2026-05-09T06:07:17.9975982-07:00" endTime="2026-05-09T06:07:17.9980399-07:00" testType="13cdc9d9-ddb5-4fa4-a97d-d965ccfc6d4b" outcome="Passed" testListId="8c84fa94-04c1-424b-9868-57a2d4851a1d" relativeResultsDirectory="2f47a318-4e69-467c-9733-8882f729f6a7" />
    <UnitTestResult executionId="4c2334f4-9285-4c8d-a0af-ed04b84258a9" testId="d266b3e2-1a4c-aab2-be60-19cff0e95138" testName="Project_CreatedAt_IsRecentTimestamp" computerName="AIPLUS4" duration="00:00:00.0001433" startTime="2026-05-09T06:07:17.9887180-07:00" endTime="2026-05-09T06:07:17.9889080-07:00" testType="13cdc9d9-ddb5-4fa4-a97d-d965ccfc6d4b" outcome="Passed" testListId="8c84fa94-04c1-424b-9868-57a2d4851a1d" relativeResultsDirectory="4c2334f4-9285-4c8d-a0af-ed04b84258a9" />
    <UnitTestResult executionId="7d80ed5f-7141-46e7-9ca1-f445e9492f5f" testId="fb6734d0-8959-f46b-84e4-d4e6906b034b" testName="ConcurrentCaptures_DoNotLoseCount" computerName="AIPLUS4" duration="00:00:00.0118601" startTime="2026-05-09T06:07:17.9795930-07:00" endTime="2026-05-09T06:07:17.9915340-07:00" testType="13cdc9d9-ddb5-4fa4-a97d-d965ccfc6d4b" outcome="Passed" testListId="8c84fa94-04c1-424b-9868-57a2d4851a1d" relativeResultsDirectory="7d80ed5f-7141-46e7-9ca1-f445e9492f5f" />
    <UnitTestResult executionId="08382e3f-afb1-4f96-882a-575ea90931b9" testId="cda5b37a-eef3-0378-c267-06ee8fae8815" testName="ToSrt_EmptySegments_ReturnsEmpty" computerName="AIPLUS4" duration="00:00:00.0003547" startTime="2026-05-09T06:07:17.9941308-07:00" endTime="2026-05-09T06:07:17.9946015-07:00" testType="13cdc9d9-ddb5-4fa4-a97d-d965ccfc6d4b" outcome="Passed" testListId="8c84fa94-04c1-424b-9868-57a2d4851a1d" relativeResultsDirectory="08382e3f-afb1-4f96-882a-575ea90931b9" />
    <UnitTestResult executionId="c2d4d1c2-8ce3-48d6-b5bb-dbbd2ee8e439" testId="ccc452cf-1da6-77e2-0291-31ec3d789caa" testName="TimelineClip_SourceDuration_DefaultSpeed_EqualsDuration" computerName="AIPLUS4" duration="00:00:00.0000967" startTime="2026-05-09T06:07:18.0069495-07:00" endTime="2026-05-09T06:07:18.0071362-07:00" testType="13cdc9d9-ddb5-4fa4-a97d-d965ccfc6d4b" outcome="Passed" testListId="8c84fa94-04c1-424b-9868-57a2d4851a1d" relativeResultsDirectory="c2d4d1c2-8ce3-48d6-b5bb-dbbd2ee8e439" />
    <UnitTestResult executionId="aaec5bf7-3058-4347-9c76-00dc69068e6e" testId="84ad294c-a827-b690-e1c7-69bee94d063f" testName="ToVtt_UsesDotForMilliseconds" computerName="AIPLUS4" duration="00:00:00.0008555" startTime="2026-05-09T06:07:17.9942276-07:00" endTime="2026-05-09T06:07:17.9951673-07:00" testType="13cdc9d9-ddb5-4fa4-a97d-d965ccfc6d4b" outcome="Passed" testListId="8c84fa94-04c1-424b-9868-57a2d4851a1d" relativeResultsDirectory="aaec5bf7-3058-4347-9c76-00dc69068e6e" />
    <UnitTestResult executionId="04f721a9-e156-4d5f-8309-334504d30382" testId="8024b579-33a0-31ab-1fa9-00fdaccb9525" testName="SpeedSegment_HalfSpeed_DoublesOutputFrames" computerName="AIPLUS4" duration="00:00:00.0020427" startTime="2026-05-09T06:07:17.9983589-07:00" endTime="2026-05-09T06:07:18.0004854-07:00" testType="13cdc9d9-ddb5-4fa4-a97d-d965ccfc6d4b" outcome="Passed" testListId="8c84fa94-04c1-424b-9868-57a2d4851a1d" relativeResultsDirectory="04f721a9-e156-4d5f-8309-334504d30382" />
    <UnitTestResult executionId="a65fec36-abed-485f-9768-15f47b57705f" testId="c004afe4-f63a-5afe-c003-64f44931d385" testName="CalculateOutputSize_SmallSource_Works" computerName="AIPLUS4" duration="00:00:00.0000366" startTime="2026-05-09T06:07:17.8812718-07:00" endTime="2026-05-09T06:07:17.8813457-07:00" testType="13cdc9d9-ddb5-4fa4-a97d-d965ccfc6d4b" outcome="Passed" testListId="8c84fa94-04c1-424b-9868-57a2d4851a1d" relativeResultsDirectory="a65fec36-abed-485f-9768-15f47b57705f" />
    <UnitTestResult executionId="4388614d-9996-4f99-8c08-56fad4efb195" testId="26cd4bef-d3c7-7e8f-edee-192102d65f57" testName="CleanupExportedSessions_CleansMarkedSessions" computerName="AIPLUS4" duration="00:00:00.0036967" startTime="2026-05-09T06:07:18.0250602-07:00" endTime="2026-05-09T06:07:18.0287927-07:00" testType="13cdc9d9-ddb5-4fa4-a97d-d965ccfc6d4b" outcome="Passed" testListId="8c84fa94-04c1-424b-9868-57a2d4851a1d" relativeResultsDirectory="4388614d-9996-4f99-8c08-56fad4efb195" />
    <UnitTestResult executionId="9f722e66-ef5b-44bf-9e67-155852cb1a2b" testId="35c5dc09-68ad-497a-bfc7-d9a6a8994d9b" testName="TimelineModel_AddClipsAndKeyframes_Works" computerName="AIPLUS4" duration="00:00:00.0001444" startTime="2026-05-09T06:07:18.0055032-07:00" endTime="2026-05-09T06:07:18.0056826-07:00" testType="13cdc9d9-ddb5-4fa4-a97d-d965ccfc6d4b" outcome="Passed" testListId="8c84fa94-04c1-424b-9868-57a2d4851a1d" relativeResultsDirectory="9f722e66-ef5b-44bf-9e67-155852cb1a2b" />
    <UnitTestResult executionId="e8f1e0d1-46d0-4f9d-8a57-38d97a827ec1" testId="3b16f04b-f8ad-502d-0d9c-6478fdee0492" testName="WithOpacity_ZeroOpacity_ReturnsAlpha0" computerName="AIPLUS4" duration="00:00:00.0009180" startTime="2026-05-09T06:07:17.9462489-07:00" endTime="2026-05-09T06:07:17.9472529-07:00" testType="13cdc9d9-ddb5-4fa4-a97d-d965ccfc6d4b" outcome="Passed" testListId="8c84fa94-04c1-424b-9868-57a2d4851a1d" relativeResultsDirectory="e8f1e0d1-46d0-4f9d-8a57-38d97a827ec1" />
    <UnitTestResult executionId="9d61205a-0b3a-4c9e-a457-5e3dcd4c8ef3" testId="282a69c6-c1f3-5540-c5e1-da37036ca8b9" testName="Project_PropertyAssignment_RetainsValues" computerName="AIPLUS4" duration="00:00:00.0002552" startTime="2026-05-09T06:07:17.9878025-07:00" endTime="2026-05-09T06:07:17.9880855-07:00" testType="13cdc9d9-ddb5-4fa4-a97d-d965ccfc6d4b" outcome="Passed" testListId="8c84fa94-04c1-424b-9868-57a2d4851a1d" relativeResultsDirectory="9d61205a-0b3a-4c9e-a457-5e3dcd4c8ef3" />
    <UnitTestResult executionId="73b02a62-9ce3-4186-bd09-8617644a99e8" testId="772bc19b-8fee-7717-3a18-327601b41594" testName="EaseOut_StartsAtZero_EndsAtOne" computerName="AIPLUS4" duration="00:00:00.0000623" startTime="2026-05-09T06:07:17.9479199-07:00" endTime="2026-05-09T06:07:17.9480473-07:00" testType="13cdc9d9-ddb5-4fa4-a97d-d965ccfc6d4b" outcome="Passed" testListId="8c84fa94-04c1-424b-9868-57a2d4851a1d" relativeResultsDirectory="73b02a62-9ce3-4186-bd09-8617644a99e8" />
    <UnitTestResult executionId="f06b40cb-2b9e-403e-84f6-b73a6689ab5f" testId="4203213e-2839-6f22-c894-663b9e00d828" testName="ClickEvent_RecordCreation_HasCorrectValues" computerName="AIPLUS4" duration="00:00:00.0003922" startTime="2026-05-09T06:07:17.9628212-07:00" endTime="2026-05-09T06:07:17.9632523-07:00" testType="13cdc9d9-ddb5-4fa4-a97d-d965ccfc6d4b" outcome="Passed" testListId="8c84fa94-04c1-424b-9868-57a2d4851a1d" relativeResultsDirectory="f06b40cb-2b9e-403e-84f6-b73a6689ab5f" />
    <UnitTestResult executionId="9384aa44-ca0e-4c54-8d7f-8c42110c6a8f" testId="b73416aa-afd3-36b2-bb96-a165eafec77b" testName="GenerateWaveform_8bit_Silence_IsNearZero" computerName="AIPLUS4" duration="00:00:00.0004953" startTime="2026-05-09T06:07:17.8734609-07:00" endTime="2026-05-09T06:07:17.8739842-07:00" testType="13cdc9d9-ddb5-4fa4-a97d-d965ccfc6d4b" outcome="Passed" testListId="8c84fa94-04c1-424b-9868-57a2d4851a1d" relativeResultsDirectory="9384aa44-ca0e-4c54-8d7f-8c42110c6a8f" />
    <UnitTestResult executionId="be4e27ec-7dd4-436a-8297-9c39941b7ed0" testId="8ff104cd-0f93-e737-dca7-90c49a4e805c" testName="BrandPresetConverter_EmptyImagePath_BecomesNull" computerName="AIPLUS4" duration="00:00:00.0001759" startTime="2026-05-09T06:07:17.9925026-07:00" endTime="2026-05-09T06:07:17.9927161-07:00" testType="13cdc9d9-ddb5-4fa4-a97d-d965ccfc6d4b" outcome="Passed" testListId="8c84fa94-04c1-424b-9868-57a2d4851a1d" relativeResultsDirectory="be4e27ec-7dd4-436a-8297-9c39941b7ed0" />
    <UnitTestResult executionId="38df4935-6460-49d4-bf2e-07c2c9f81f3d" testId="47d02880-a512-50d6-34ad-bbb7b675fa54" testName="EaseInOut_MonotonicallyIncreasing" computerName="AIPLUS4" duration="00:00:00.0068415" startTime="2026-05-09T06:07:17.9480658-07:00" endTime="2026-05-09T06:07:17.9549587-07:00" testType="13cdc9d9-ddb5-4fa4-a97d-d965ccfc6d4b" outcome="Passed" testListId="8c84fa94-04c1-424b-9868-57a2d4851a1d" relativeResultsDirectory="38df4935-6460-49d4-bf2e-07c2c9f81f3d" />
    <UnitTestResult executionId="cc4eba75-b9f9-4f37-a84a-e60161d779d7" testId="6e274d43-8642-c6f4-0989-2466ab7cd765" testName="GetRatio_ReturnsExpectedValues (Landscape16x9,16,9)" computerName="AIPLUS4" duration="00:00:00.0001963" startTime="2026-05-09T06:07:17.8329323-07:00" endTime="2026-05-09T06:07:17.8498268-07:00" testType="13cdc9d9-ddb5-4fa4-a97d-d965ccfc6d4b" outcome="Passed" testListId="8c84fa94-04c1-424b-9868-57a2d4851a1d" relativeResultsDirectory="cc4eba75-b9f9-4f37-a84a-e60161d779d7" />
    <UnitTestResult executionId="2100a4e5-8ea2-4ef5-824c-3177be54d1b7" testId="14123dd4-75e1-e12d-e169-567e086943ac" testName="GetZoomState_OverlappingManualKeyframes_NoJump" computerName="AIPLUS4" duration="00:00:00.0026526" startTime="2026-05-09T06:07:17.8808987-07:00" endTime="2026-05-09T06:07:17.8836039-07:00" testType="13cdc9d9-ddb5-4fa4-a97d-d965ccfc6d4b" outcome="Passed" testListId="8c84fa94-04c1-424b-9868-57a2d4851a1d" relativeResultsDirectory="2100a4e5-8ea2-4ef5-824c-3177be54d1b7" />
    <UnitTestResult executionId="e82b462a-75e5-4d49-be14-4ffb68e29474" testId="60ecc9a4-e7f6-355e-4a37-8cd2dca7d6ca" testName="SpringOut_MonotonicallyIncreasing" computerName="AIPLUS4" duration="00:00:00.0001677" startTime="2026-05-09T06:07:17.9555061-07:00" endTime="2026-05-09T06:07:17.9557308-07:00" testType="13cdc9d9-ddb5-4fa4-a97d-d965ccfc6d4b" outcome="Passed" testListId="8c84fa94-04c1-424b-9868-57a2d4851a1d" relativeResultsDirectory="e82b462a-75e5-4d49-be14-4ffb68e29474" />
    <UnitTestResult executionId="01cf5567-95d9-471b-afc9-f20201119d76" testId="1cc30c53-0945-5ee9-19c2-a8008e1462c4" testName="TimelineClip_Equality_WorksForRecords" computerName="AIPLUS4" duration="00:00:00.0006511" startTime="2026-05-09T06:07:18.0049790-07:00" endTime="2026-05-09T06:07:18.0057173-07:00" testType="13cdc9d9-ddb5-4fa4-a97d-d965ccfc6d4b" outcome="Passed" testListId="8c84fa94-04c1-424b-9868-57a2d4851a1d" relativeResultsDirectory="01cf5567-95d9-471b-afc9-f20201119d76" />
    <UnitTestResult executionId="61008339-d902-4fef-834c-9984a3ec3fe6" testId="c3f8ec52-500f-4555-8b26-cb6c9e10cb3e" testName="ApplyClipSpeed_ShiftsSubsequentClips" computerName="AIPLUS4" duration="00:00:00.0013409" startTime="2026-05-09T06:07:17.9593573-07:00" endTime="2026-05-09T06:07:17.9607265-07:00" testType="13cdc9d9-ddb5-4fa4-a97d-d965ccfc6d4b" outcome="Passed" testListId="8c84fa94-04c1-424b-9868-57a2d4851a1d" relativeResultsDirectory="61008339-d902-4fef-834c-9984a3ec3fe6" />
    <UnitTestResult executionId="e527ac97-32f6-4323-8426-c9402c523bd2" testId="ea6196ec-1be9-e818-5fb9-a2cbc6333abb" testName="EaseInOut_StartsAtZero_EndsAtOne" computerName="AIPLUS4" duration="00:00:00.0000839" startTime="2026-05-09T06:07:17.9554359-07:00" endTime="2026-05-09T06:07:17.9556076-07:00" testType="13cdc9d9-ddb5-4fa4-a97d-d965ccfc6d4b" outcome="Passed" testListId="8c84fa94-04c1-424b-9868-57a2d4851a1d" relativeResultsDirectory="e527ac97-32f6-4323-8426-c9402c523bd2" />
    <UnitTestResult executionId="ef9cc396-5617-464a-888d-43ff5f5a0fac" testId="a45a5d4b-2193-c208-bec8-ad60e6dc56b8" testName="SmoothPath_WithNone_ReturnsUnmodifiedPositions" computerName="AIPLUS4" duration="00:00:00.0015619" startTime="2026-05-09T06:07:17.9561108-07:00" endTime="2026-05-09T06:07:17.9577946-07:00" testType="13cdc9d9-ddb5-4fa4-a97d-d965ccfc6d4b" outcome="Passed" testListId="8c84fa94-04c1-424b-9868-57a2d4851a1d" relativeResultsDirectory="ef9cc396-5617-464a-888d-43ff5f5a0fac" />
    <UnitTestResult executionId="54d4bdcf-4eec-46ea-a41d-ae389a42c08b" testId="f3632dfc-bf74-4fee-5253-eefa552b0954" testName="KeyPressEvent_Construction_HasCorrectValues" computerName="AIPLUS4" duration="00:00:00.0003581" startTime="2026-05-09T06:07:17.9620393-07:00" endTime="2026-05-09T06:07:17.9626195-07:00" testType="13cdc9d9-ddb5-4fa4-a97d-d965ccfc6d4b" outcome="Passed" testListId="8c84fa94-04c1-424b-9868-57a2d4851a1d" relativeResultsDirectory="54d4bdcf-4eec-46ea-a41d-ae389a42c08b" />
    <UnitTestResult executionId="ce5858bb-5458-4c59-8ec0-826f1770d943" testId="a452a743-9d18-11e2-f495-2e73035e475c" testName="GetRatio_ReturnsExpectedValues (Portrait9x16,9,16)" computerName="AIPLUS4" duration="00:00:00.0002367" startTime="2026-05-09T06:07:17.8329583-07:00" endTime="2026-05-09T06:07:17.8498699-07:00" testType="13cdc9d9-ddb5-4fa4-a97d-d965ccfc6d4b" outcome="Passed" testListId="8c84fa94-04c1-424b-9868-57a2d4851a1d" relativeResultsDirectory="ce5858bb-5458-4c59-8ec0-826f1770d943" />
    <UnitTestResult executionId="6cfc3bc0-bf46-4b80-ad5d-94081cd0a795" testId="202a3523-d1c0-ce82-006e-22d553ef4acd" testName="GetZoomState_SuppressOneOfTwoClicks_OnlyOneZooms" computerName="AIPLUS4" duration="00:00:00.0007349" startTime="2026-05-09T06:07:17.8789104-07:00" endTime="2026-05-09T06:07:17.8796838-07:00" testType="13cdc9d9-ddb5-4fa4-a97d-d965ccfc6d4b" outcome="Passed" testListId="8c84fa94-04c1-424b-9868-57a2d4851a1d" relativeResultsDirectory="6cfc3bc0-bf46-4b80-ad5d-94081cd0a795" />
    <UnitTestResult executionId="e1c06073-fe2a-4905-961d-1512955249b1" testId="c7cb570c-5ddc-b6c2-b1e7-1d54d1684559" testName="FromRange_IsManual_True" computerName="AIPLUS4" duration="00:00:00.0000354" startTime="2026-05-09T06:07:18.0062018-07:00" endTime="2026-05-09T06:07:18.0062790-07:00" testType="13cdc9d9-ddb5-4fa4-a97d-d965ccfc6d4b" outcome="Passed" testListId="8c84fa94-04c1-424b-9868-57a2d4851a1d" relativeResultsDirectory="e1c06073-fe2a-4905-961d-1512955249b1" />
    <UnitTestResult executionId="518e7133-f166-4861-90ef-2322103a7632" testId="26ce26ab-b49b-4d13-8e3b-b9513269373c" testName="HasValidVideo_NonExistentFolder_ReturnsFalse" computerName="AIPLUS4" duration="00:00:00.0003692" startTime="2026-05-09T06:07:18.0168291-07:00" endTime="2026-05-09T06:07:18.0172410-07:00" testType="13cdc9d9-ddb5-4fa4-a97d-d965ccfc6d4b" outcome="Passed" testListId="8c84fa94-04c1-424b-9868-57a2d4851a1d" relativeResultsDirectory="518e7133-f166-4861-90ef-2322103a7632" />
    <UnitTestResult executionId="30c51ae7-39f8-4093-8546-87562ba27697" testId="3bc98612-5780-2542-3d11-408e0eaa3874" testName="GetResolutionDimensions_ReturnsExpected (UHD4K,3840,2160)" computerName="AIPLUS4" duration="00:00:00.0002038" startTime="2026-05-09T06:07:17.9613958-07:00" endTime="2026-05-09T06:07:17.9616800-07:00" testType="13cdc9d9-ddb5-4fa4-a97d-d965ccfc6d4b" outcome="Passed" testListId="8c84fa94-04c1-424b-9868-57a2d4851a1d" relativeResultsDirectory="30c51ae7-39f8-4093-8546-87562ba27697" />
    <UnitTestResult executionId="11788a5e-918d-4dc0-93a2-c0e358a3af02" testId="9b0e982c-755a-4da2-daff-b684f47798bf" testName="DeleteSegmentOperation_RemovesClip" computerName="AIPLUS4" duration="00:00:00.0001444" startTime="2026-05-09T06:07:17.9969448-07:00" endTime="2026-05-09T06:07:17.9971237-07:00" testType="13cdc9d9-ddb5-4fa4-a97d-d965ccfc6d4b" outcome="Passed" testListId="8c84fa94-04c1-424b-9868-57a2d4851a1d" relativeResultsDirectory="11788a5e-918d-4dc0-93a2-c0e358a3af02" />
    <UnitTestResult executionId="be23f427-832e-48ed-af14-330509455e31" testId="4e1314f7-ce4c-ff58-59f0-05c79f7e7361" testName="GetRatio_ReturnsExpectedValues (Square1x1,1,1)" computerName="AIPLUS4" duration="00:00:00.0001654" startTime="2026-05-09T06:07:17.8329492-07:00" endTime="2026-05-09T06:07:17.8498666-07:00" testType="13cdc9d9-ddb5-4fa4-a97d-d965ccfc6d4b" outcome="Passed" testListId="8c84fa94-04c1-424b-9868-57a2d4851a1d" relativeResultsDirectory="be23f427-832e-48ed-af14-330509455e31" />
    <UnitTestResult executionId="e3a0fb92-cd4e-4587-a93d-e220587bc8dd" testId="418d2b6e-9631-6181-e9fe-042bfe0cd3cd" testName="Evaluate_EaseInCurve_SlowStart" computerName="AIPLUS4" duration="00:00:00.0000667" startTime="2026-05-09T06:07:17.9555961-07:00" endTime="2026-05-09T06:07:17.9557104-07:00" testType="13cdc9d9-ddb5-4fa4-a97d-d965ccfc6d4b" outcome="Passed" testListId="8c84fa94-04c1-424b-9868-57a2d4851a1d" relativeResultsDirectory="e3a0fb92-cd4e-4587-a93d-e220587bc8dd" />
    <UnitTestResult executionId="1f22475d-d9a9-43ec-b5a5-920691411da2" testId="33b778c8-cf75-c733-7e3a-e9538eeb8b0e" testName="CutOperation_Undo_RestoresOriginal" computerName="AIPLUS4" duration="00:00:00.0010135" startTime="2026-05-09T06:07:17.9959783-07:00" endTime="2026-05-09T06:07:17.9970360-07:00" testType="13cdc9d9-ddb5-4fa4-a97d-d965ccfc6d4b" outcome="Passed" testListId="8c84fa94-04c1-424b-9868-57a2d4851a1d" relativeResultsDirectory="1f22475d-d9a9-43ec-b5a5-920691411da2" />
    <UnitTestResult executionId="d1de4c52-e3d2-4476-952e-b703c589f0fc" testId="68fe6675-4a25-63df-a6f0-153ddb0d5760" testName="SpringOut_StartsAtZero_EndsAtOne" computerName="AIPLUS4" duration="00:00:00.0001007" startTime="2026-05-09T06:07:17.9554760-07:00" endTime="2026-05-09T06:07:17.9556234-07:00" testType="13cdc9d9-ddb5-4fa4-a97d-d965ccfc6d4b" outcome="Passed" testListId="8c84fa94-04c1-424b-9868-57a2d4851a1d" relativeResultsDirectory="d1de4c52-e3d2-4476-952e-b703c589f0fc" />
    <UnitTestResult executionId="82a86e89-2a12-4866-a820-7eecfe042b6f" testId="0c7e81da-aba3-11ee-7544-7cd8a498a31f" testName="BrandPreset_DefaultValues_AreCorrect" computerName="AIPLUS4" duration="00:00:00.0004581" startTime="2026-05-09T06:07:17.9919509-07:00" endTime="2026-05-09T06:07:17.9925072-07:00" testType="13cdc9d9-ddb5-4fa4-a97d-d965ccfc6d4b" outcome="Passed" testListId="8c84fa94-04c1-424b-9868-57a2d4851a1d" relativeResultsDirectory="82a86e89-2a12-4866-a820-7eecfe042b6f" />
    <UnitTestResult executionId="692c4111-a885-4be8-91b3-48e7dd796d45" testId="ca641418-40b9-99ed-4465-ad6546909214" testName="FromRange_ZoomLevel_IsRetained" computerName="AIPLUS4" duration="00:00:00.0000851" startTime="2026-05-09T06:07:18.0055574-07:00" endTime="2026-05-09T06:07:18.0057367-07:00" testType="13cdc9d9-ddb5-4fa4-a97d-d965ccfc6d4b" outcome="Passed" testListId="8c84fa94-04c1-424b-9868-57a2d4851a1d" relativeResultsDirectory="692c4111-a885-4be8-91b3-48e7dd796d45" />
    <UnitTestResult executionId="d8930a7c-ae06-4e49-abd6-76cf5b1154e1" testId="1f89ff51-daae-67ae-5e74-a49d25d1c59e" testName="SmoothPath_CatmullRom_InterpolatesSmoothly" computerName="AIPLUS4" duration="00:00:00.0020057" startTime="2026-05-09T06:07:17.9561350-07:00" endTime="2026-05-09T06:07:17.9582301-07:00" testType="13cdc9d9-ddb5-4fa4-a97d-d965ccfc6d4b" outcome="Passed" testListId="8c84fa94-04c1-424b-9868-57a2d4851a1d" relativeResultsDirectory="d8930a7c-ae06-4e49-abd6-76cf5b1154e1" />
    <UnitTestResult executionId="8294417e-3344-4f31-a8e4-92e1dc3f630f" testId="1854e5e2-c607-3797-e16c-36893ffc5576" testName="WithOpacity_OverOne_ClampedTo255" computerName="AIPLUS4" duration="00:00:00.0000440" startTime="2026-05-09T06:07:17.9470661-07:00" endTime="2026-05-09T06:07:17.9471684-07:00" testType="13cdc9d9-ddb5-4fa4-a97d-d965ccfc6d4b" outcome="Passed" testListId="8c84fa94-04c1-424b-9868-57a2d4851a1d" relativeResultsDirectory="8294417e-3344-4f31-a8e4-92e1dc3f630f" />
    <UnitTestResult executionId="42e10b5e-bb2d-4164-84a8-ed1f68a3bd6b" testId="0d071ed0-a931-ad76-17cf-9416555ff22e" testName="GetRatio_ReturnsExpectedValues (Auto,0,0)" computerName="AIPLUS4" duration="00:00:00.0001208" startTime="2026-05-09T06:07:17.8334753-07:00" endTime="2026-05-09T06:07:17.8498559-07:00" testType="13cdc9d9-ddb5-4fa4-a97d-d965ccfc6d4b" outcome="Passed" testListId="8c84fa94-04c1-424b-9868-57a2d4851a1d" relativeResultsDirectory="42e10b5e-bb2d-4164-84a8-ed1f68a3bd6b" />
    <UnitTestResult executionId="7a25685f-5404-4546-8e08-53949527bd88" testId="f9fdc16d-2f95-8c11-1261-3526c1a9ce13" testName="AddZoomSegment_FromRange_AddsKeyframe" computerName="AIPLUS4" duration="00:00:00.0003704" startTime="2026-05-09T06:07:17.9578011-07:00" endTime="2026-05-09T06:07:17.9582026-07:00" testType="13cdc9d9-ddb5-4fa4-a97d-d965ccfc6d4b" outcome="Passed" testListId="8c84fa94-04c1-424b-9868-57a2d4851a1d" relativeResultsDirectory="7a25685f-5404-4546-8e08-53949527bd88" />
    <UnitTestResult executionId="96b1b974-aba6-4007-9267-74d9324ddf0b" testId="26c5e85d-0c3b-c3b1-63cb-772bd6df82f5" testName="EaseOut_Midpoint_BetweenZeroAndOne" computerName="AIPLUS4" duration="00:00:00.0000585" startTime="2026-05-09T06:07:17.9480411-07:00" endTime="2026-05-09T06:07:17.9481270-07:00" testType="13cdc9d9-ddb5-4fa4-a97d-d965ccfc6d4b" outcome="Passed" testListId="8c84fa94-04c1-424b-9868-57a2d4851a1d" relativeResultsDirectory="96b1b974-aba6-4007-9267-74d9324ddf0b" />
    <UnitTestResult executionId="5f30bf2e-a4b9-4c96-9991-f8ea2a5ccbcb" testId="b565b074-6901-6b32-3e97-ecae6238d133" testName="WithOpacity_Negative_ClampedTo0" computerName="AIPLUS4" duration="00:00:00.0000424" startTime="2026-05-09T06:07:17.9470684-07:00" endTime="2026-05-09T06:07:17.9471659-07:00" testType="13cdc9d9-ddb5-4fa4-a97d-d965ccfc6d4b" outcome="Passed" testListId="8c84fa94-04c1-424b-9868-57a2d4851a1d" relativeResultsDirectory="5f30bf2e-a4b9-4c96-9991-f8ea2a5ccbcb" />
    <UnitTestResult executionId="c177adb6-7e2d-4cf8-9fa8-936aad18b820" testId="b496fee9-90b6-b33f-16fc-05b169f39970" testName="AspectRatio_AllValues_AreDefined" computerName="AIPLUS4" duration="00:00:00.0000733" startTime="2026-05-09T06:07:17.9918502-07:00" endTime="2026-05-09T06:07:17.9919678-07:00" testType="13cdc9d9-ddb5-4fa4-a97d-d965ccfc6d4b" outcome="Passed" testListId="8c84fa94-04c1-424b-9868-57a2d4851a1d" relativeResultsDirectory="c177adb6-7e2d-4cf8-9fa8-936aad18b820" />
    <UnitTestResult executionId="11b5eafe-cebc-416b-9da7-9c266a4c91ff" testId="332ff0f6-2011-4056-0d7d-8105bfc93324" testName="ZoomKeyframe_DefaultValues_AreCorrect" computerName="AIPLUS4" duration="00:00:00.0000931" startTime="2026-05-09T06:07:18.0040626-07:00" endTime="2026-05-09T06:07:18.0042191-07:00" testType="13cdc9d9-ddb5-4fa4-a97d-d965ccfc6d4b" outcome="Passed" testListId="8c84fa94-04c1-424b-9868-57a2d4851a1d" relativeResultsDirectory="11b5eafe-cebc-416b-9da7-9c266a4c91ff" />
    <UnitTestResult executionId="752d911f-05c3-413d-89fb-03d3ace54cc5" testId="c9728585-ef18-87d5-95a4-143f42a7aca5" testName="AddZoomSegment_Undo_RemovesKeyframe" computerName="AIPLUS4" duration="00:00:00.0003426" startTime="2026-05-09T06:07:17.9578113-07:00" endTime="2026-05-09T06:07:17.9581831-07:00" testType="13cdc9d9-ddb5-4fa4-a97d-d965ccfc6d4b" outcome="Passed" testListId="8c84fa94-04c1-424b-9868-57a2d4851a1d" relativeResultsDirectory="752d911f-05c3-413d-89fb-03d3ace54cc5" />
    <UnitTestResult executionId="daf508a8-77e2-4417-9204-6f27e4e9145d" testId="3436e9ec-e35b-3943-54d3-d5cbc21ae578" testName="EffectiveDuration_ZeroLength_ReturnsZero" computerName="AIPLUS4" duration="00:00:00.0000504" startTime="2026-05-09T06:07:18.0040673-07:00" endTime="2026-05-09T06:07:18.0041649-07:00" testType="13cdc9d9-ddb5-4fa4-a97d-d965ccfc6d4b" outcome="Passed" testListId="8c84fa94-04c1-424b-9868-57a2d4851a1d" relativeResultsDirectory="daf508a8-77e2-4417-9204-6f27e4e9145d" />
    <UnitTestResult executionId="95b563f6-8984-4df1-b21c-bb126b703274" testId="3dd196b0-20ba-5972-4f50-0955f1bb00d7" testName="UndoRedo_StateChangedEvent_Fires" computerName="AIPLUS4" duration="00:00:00.0003629" startTime="2026-05-09T06:07:17.9969701-07:00" endTime="2026-05-09T06:07:17.9973877-07:00" testType="13cdc9d9-ddb5-4fa4-a97d-d965ccfc6d4b" outcome="Passed" testListId="8c84fa94-04c1-424b-9868-57a2d4851a1d" relativeResultsDirectory="95b563f6-8984-4df1-b21c-bb126b703274" />
    <UnitTestResult executionId="18587c23-6c2b-47ca-93d0-c1adca692f19" testId="36bee2de-5777-37e0-2da5-549b718ffb25" testName="WithClips_SkipsDeletedRegion" computerName="AIPLUS4" duration="00:00:00.0016095" startTime="2026-05-09T06:07:17.9988652-07:00" endTime="2026-05-09T06:07:18.0005155-07:00" testType="13cdc9d9-ddb5-4fa4-a97d-d965ccfc6d4b" outcome="Passed" testListId="8c84fa94-04c1-424b-9868-57a2d4851a1d" relativeResultsDirectory="18587c23-6c2b-47ca-93d0-c1adca692f19" />
    <UnitTestResult executionId="3a096723-5c65-4ead-b369-7f2064d48379" testId="57e25710-8aaa-5b77-84dd-a343d7f7b76d" testName="MarkSessionExported_CreatesMarkerFile" computerName="AIPLUS4" duration="00:00:00.0030310" startTime="2026-05-09T06:07:18.0076815-07:00" endTime="2026-05-09T06:07:18.0109105-07:00" testType="13cdc9d9-ddb5-4fa4-a97d-d965ccfc6d4b" outcome="Passed" testListId="8c84fa94-04c1-424b-9868-57a2d4851a1d" relativeResultsDirectory="3a096723-5c65-4ead-b369-7f2064d48379" />
    <UnitTestResult executionId="edc0ab28-dfbf-4b78-b8a9-03429e890556" testId="d734b8ec-2a36-9fea-fb15-f40fb9e25d00" testName="AddZoomSegment_CreatedId_IsAvailable" computerName="AIPLUS4" duration="00:00:00.0000609" startTime="2026-05-09T06:07:17.9586018-07:00" endTime="2026-05-09T06:07:17.9586954-07:00" testType="13cdc9d9-ddb5-4fa4-a97d-d965ccfc6d4b" outcome="Passed" testListId="8c84fa94-04c1-424b-9868-57a2d4851a1d" relativeResultsDirectory="edc0ab28-dfbf-4b78-b8a9-03429e890556" />
    <UnitTestResult executionId="0fb5644e-ba0f-48aa-be35-fbeb77fe153e" testId="2685c88a-e308-54ef-7006-87d894df11a8" testName="VideoQuality_AllValues_AreDefined" computerName="AIPLUS4" duration="00:00:00.0001848" startTime="2026-05-09T06:07:17.9919333-07:00" endTime="2026-05-09T06:07:17.9922158-07:00" testType="13cdc9d9-ddb5-4fa4-a97d-d965ccfc6d4b" outcome="Passed" testListId="8c84fa94-04c1-424b-9868-57a2d4851a1d" relativeResultsDirectory="0fb5644e-ba0f-48aa-be35-fbeb77fe153e" />
    <UnitTestResult executionId="c698906b-963c-42f5-acff-a708b10177c8" testId="41199fd5-4951-92df-e026-e1ee0994e047" testName="ParseColor_InvalidLength_ThrowsFormatException" computerName="AIPLUS4" duration="00:00:00.0624132" startTime="2026-05-09T06:07:17.8830001-07:00" endTime="2026-05-09T06:07:17.9454878-07:00" testType="13cdc9d9-ddb5-4fa4-a97d-d965ccfc6d4b" outcome="Passed" testListId="8c84fa94-04c1-424b-9868-57a2d4851a1d" relativeResultsDirectory="c698906b-963c-42f5-acff-a708b10177c8" />
    <UnitTestResult executionId="6b3159ad-afb1-4c18-8823-2150e28995eb" testId="e8498774-69b9-5fd0-011d-57e67de3e789" testName="BrandPresetConverter_ToBackgroundStyle_MapsAllFields" computerName="AIPLUS4" duration="00:00:00.0007667" startTime="2026-05-09T06:07:17.9919734-07:00" endTime="2026-05-09T06:07:17.9927822-07:00" testType="13cdc9d9-ddb5-4fa4-a97d-d965ccfc6d4b" outcome="Passed" testListId="8c84fa94-04c1-424b-9868-57a2d4851a1d" relativeResultsDirectory="6b3159ad-afb1-4c18-8823-2150e28995eb" />
    <UnitTestResult executionId="41731b99-fe07-44f3-9236-3a01c0aa0f4d" testId="c0a21d8f-403a-2783-67e0-2ec41efa1121" testName="KeyPressEvent_Equality_WorksForRecords" computerName="AIPLUS4" duration="00:00:00.0006599" startTime="2026-05-09T06:07:17.9620545-07:00" endTime="2026-05-09T06:07:17.9627751-07:00" testType="13cdc9d9-ddb5-4fa4-a97d-d965ccfc6d4b" outcome="Passed" testListId="8c84fa94-04c1-424b-9868-57a2d4851a1d" relativeResultsDirectory="41731b99-fe07-44f3-9236-3a01c0aa0f4d" />
    <UnitTestResult executionId="1399ae7b-9664-451a-8197-8a85ee90911a" testId="a6c85667-925a-2882-25f4-244f2d0a4356" testName="ToVtt_NullTranscription_ThrowsArgumentNullException" computerName="AIPLUS4" duration="00:00:00.0001867" startTime="2026-05-09T06:07:17.9954159-07:00" endTime="2026-05-09T06:07:17.9956466-07:00" testType="13cdc9d9-ddb5-4fa4-a97d-d965ccfc6d4b" outcome="Passed" testListId="8c84fa94-04c1-424b-9868-57a2d4851a1d" relativeResultsDirectory="1399ae7b-9664-451a-8197-8a85ee90911a" />
    <UnitTestResult executionId="a369dd37-066e-4657-8bbd-ccc54d9530c2" testId="4662b239-4c0a-3396-2a4e-559ebb888f2f" testName="BackgroundStyle_DefaultValues_AreCorrect" computerName="AIPLUS4" duration="00:00:00.0007914" startTime="2026-05-09T06:07:17.8818646-07:00" endTime="2026-05-09T06:07:17.8826907-07:00" testType="13cdc9d9-ddb5-4fa4-a97d-d965ccfc6d4b" outcome="Passed" testListId="8c84fa94-04c1-424b-9868-57a2d4851a1d" relativeResultsDirectory="a369dd37-066e-4657-8bbd-ccc54d9530c2" />
    <UnitTestResult executionId="a6fe6841-391c-40c8-9fad-7785f0ddc555" testId="6fcd2c1a-2033-c387-e6b3-1b41137f0d52" testName="RemoveZoomKeyframeOperation_SuppressesAutoClick" computerName="AIPLUS4" duration="00:00:00.0009419" startTime="2026-05-09T06:07:17.8797148-07:00" endTime="2026-05-09T06:07:17.8807151-07:00" testType="13cdc9d9-ddb5-4fa4-a97d-d965ccfc6d4b" outcome="Passed" testListId="8c84fa94-04c1-424b-9868-57a2d4851a1d" relativeResultsDirectory="a6fe6841-391c-40c8-9fad-7785f0ddc555" />
    <UnitTestResult executionId="5dae6f5c-ce2a-424f-ab4d-0c822091e6b9" testId="b4cdba8d-62a8-a496-16b5-7f46838ceb79" testName="TotalDuration_SumsAllPhases" computerName="AIPLUS4" duration="00:00:00.0000911" startTime="2026-05-09T06:07:18.0062071-07:00" endTime="2026-05-09T06:07:18.0063452-07:00" testType="13cdc9d9-ddb5-4fa4-a97d-d965ccfc6d4b" outcome="Passed" testListId="8c84fa94-04c1-424b-9868-57a2d4851a1d" relativeResultsDirectory="5dae6f5c-ce2a-424f-ab4d-0c822091e6b9" />
    <UnitTestResult executionId="25d63423-bac8-432e-b062-acc95d352169" testId="6472e354-0718-4645-ebbc-d739df7ec7d9" testName="Reset_ClearsAllCounters" computerName="AIPLUS4" duration="00:00:00.0120003" startTime="2026-05-09T06:07:17.9790063-07:00" endTime="2026-05-09T06:07:17.9911116-07:00" testType="13cdc9d9-ddb5-4fa4-a97d-d965ccfc6d4b" outcome="Passed" testListId="8c84fa94-04c1-424b-9868-57a2d4851a1d" relativeResultsDirectory="25d63423-bac8-432e-b062-acc95d352169" />
[...]
    <TestEntry testId="1f89ff51-daae-67ae-5e74-a49d25d1c59e" executionId="d8930a7c-ae06-4e49-abd6-76cf5b1154e1" testListId="8c84fa94-04c1-424b-9868-57a2d4851a1d" />
    <TestEntry testId="1854e5e2-c607-3797-e16c-36893ffc5576" executionId="8294417e-3344-4f31-a8e4-92e1dc3f630f" testListId="8c84fa94-04c1-424b-9868-57a2d4851a1d" />
    <TestEntry testId="0d071ed0-a931-ad76-17cf-9416555ff22e" executionId="42e10b5e-bb2d-4164-84a8-ed1f68a3bd6b" testListId="8c84fa94-04c1-424b-9868-57a2d4851a1d" />
    <TestEntry testId="f9fdc16d-2f95-8c11-1261-3526c1a9ce13" executionId="7a25685f-5404-4546-8e08-53949527bd88" testListId="8c84fa94-04c1-424b-9868-57a2d4851a1d" />
    <TestEntry testId="26c5e85d-0c3b-c3b1-63cb-772bd6df82f5" executionId="96b1b974-aba6-4007-9267-74d9324ddf0b" testListId="8c84fa94-04c1-424b-9868-57a2d4851a1d" />
    <TestEntry testId="b565b074-6901-6b32-3e97-ecae6238d133" executionId="5f30bf2e-a4b9-4c96-9991-f8ea2a5ccbcb" testListId="8c84fa94-04c1-424b-9868-57a2d4851a1d" />
    <TestEntry testId="b496fee9-90b6-b33f-16fc-05b169f39970" executionId="c177adb6-7e2d-4cf8-9fa8-936aad18b820" testListId="8c84fa94-04c1-424b-9868-57a2d4851a1d" />
    <TestEntry testId="332ff0f6-2011-4056-0d7d-8105bfc93324" executionId="11b5eafe-cebc-416b-9da7-9c266a4c91ff" testListId="8c84fa94-04c1-424b-9868-57a2d4851a1d" />
    <TestEntry testId="c9728585-ef18-87d5-95a4-143f42a7aca5" executionId="752d911f-05c3-413d-89fb-03d3ace54cc5" testListId="8c84fa94-04c1-424b-9868-57a2d4851a1d" />
    <TestEntry testId="3436e9ec-e35b-3943-54d3-d5cbc21ae578" executionId="daf508a8-77e2-4417-9204-6f27e4e9145d" testListId="8c84fa94-04c1-424b-9868-57a2d4851a1d" />
    <TestEntry testId="3dd196b0-20ba-5972-4f50-0955f1bb00d7" executionId="95b563f6-8984-4df1-b21c-bb126b703274" testListId="8c84fa94-04c1-424b-9868-57a2d4851a1d" />
    <TestEntry testId="36bee2de-5777-37e0-2da5-549b718ffb25" executionId="18587c23-6c2b-47ca-93d0-c1adca692f19" testListId="8c84fa94-04c1-424b-9868-57a2d4851a1d" />
    <TestEntry testId="57e25710-8aaa-5b77-84dd-a343d7f7b76d" executionId="3a096723-5c65-4ead-b369-7f2064d48379" testListId="8c84fa94-04c1-424b-9868-57a2d4851a1d" />
    <TestEntry testId="d734b8ec-2a36-9fea-fb15-f40fb9e25d00" executionId="edc0ab28-dfbf-4b78-b8a9-03429e890556" testListId="8c84fa94-04c1-424b-9868-57a2d4851a1d" />
    <TestEntry testId="2685c88a-e308-54ef-7006-87d894df11a8" executionId="0fb5644e-ba0f-48aa-be35-fbeb77fe153e" testListId="8c84fa94-04c1-424b-9868-57a2d4851a1d" />
    <TestEntry testId="41199fd5-4951-92df-e026-e1ee0994e047" executionId="c698906b-963c-42f5-acff-a708b10177c8" testListId="8c84fa94-04c1-424b-9868-57a2d4851a1d" />
    <TestEntry testId="e8498774-69b9-5fd0-011d-57e67de3e789" executionId="6b3159ad-afb1-4c18-8823-2150e28995eb" testListId="8c84fa94-04c1-424b-9868-57a2d4851a1d" />
    <TestEntry testId="c0a21d8f-403a-2783-67e0-2ec41efa1121" executionId="41731b99-fe07-44f3-9236-3a01c0aa0f4d" testListId="8c84fa94-04c1-424b-9868-57a2d4851a1d" />
    <TestEntry testId="a6c85667-925a-2882-25f4-244f2d0a4356" executionId="1399ae7b-9664-451a-8197-8a85ee90911a" testListId="8c84fa94-04c1-424b-9868-57a2d4851a1d" />
    <TestEntry testId="4662b239-4c0a-3396-2a4e-559ebb888f2f" executionId="a369dd37-066e-4657-8bbd-ccc54d9530c2" testListId="8c84fa94-04c1-424b-9868-57a2d4851a1d" />
    <TestEntry testId="6fcd2c1a-2033-c387-e6b3-1b41137f0d52" executionId="a6fe6841-391c-40c8-9fad-7785f0ddc555" testListId="8c84fa94-04c1-424b-9868-57a2d4851a1d" />
    <TestEntry testId="b4cdba8d-62a8-a496-16b5-7f46838ceb79" executionId="5dae6f5c-ce2a-424f-ab4d-0c822091e6b9" testListId="8c84fa94-04c1-424b-9868-57a2d4851a1d" />
    <TestEntry testId="6472e354-0718-4645-ebbc-d739df7ec7d9" executionId="25d63423-bac8-432e-b062-acc95d352169" testListId="8c84fa94-04c1-424b-9868-57a2d4851a1d" />
    <TestEntry testId="5b74b40c-19e2-e2f7-e79e-e80578180c47" executionId="01e90750-f135-4b45-bb09-2b220d71f248" testListId="8c84fa94-04c1-424b-9868-57a2d4851a1d" />
    <TestEntry testId="a6544996-f636-fdcb-c73d-897957e93f49" executionId="fdc2d8c6-3d36-4aed-ae8c-5b36dcdf109a" testListId="8c84fa94-04c1-424b-9868-57a2d4851a1d" />
    <TestEntry testId="e82cbc04-e10b-2732-4188-1909ff40cf3d" executionId="448b6cb3-df8b-4afe-aa98-0b2e34c079c9" testListId="8c84fa94-04c1-424b-9868-57a2d4851a1d" />
    <TestEntry testId="8770d975-04ad-f462-6465-a1d343102bd1" executionId="e941c060-b858-41d6-9281-132dcb186c8e" testListId="8c84fa94-04c1-424b-9868-57a2d4851a1d" />
    <TestEntry testId="abe5e6cb-28ec-9ebd-c1e5-0102b2f5d19a" executionId="e2905cd1-8040-4d79-9b8b-a9d007948361" testListId="8c84fa94-04c1-424b-9868-57a2d4851a1d" />
    <TestEntry testId="4d439eae-66ed-a7a4-f827-0c3ecab47461" executionId="c4ec080c-9cb1-430b-aae1-96cc0bdce266" testListId="8c84fa94-04c1-424b-9868-57a2d4851a1d" />
    <TestEntry testId="ee2f8ea1-4523-2d01-84e1-dff631de376e" executionId="ef25e723-87fe-4c56-85ca-711684142a2c" testListId="8c84fa94-04c1-424b-9868-57a2d4851a1d" />
    <TestEntry testId="c243741a-1509-7d47-0d09-addb3b1d0b42" executionId="28271f38-9a73-4a24-9fd2-f9c02d34d08e" testListId="8c84fa94-04c1-424b-9868-57a2d4851a1d" />
    <TestEntry testId="4c3924ee-1db5-e7ff-4f8a-3c5ed557afd4" executionId="14b16241-12f5-44ae-a705-080581fa5ca1" testListId="8c84fa94-04c1-424b-9868-57a2d4851a1d" />
    <TestEntry testId="7957454a-0ca1-2bc4-f999-041dc7bd7a29" executionId="e1f9642d-bb67-4a2a-a55b-2543de644ca2" testListId="8c84fa94-04c1-424b-9868-57a2d4851a1d" />
    <TestEntry testId="8ccb7883-09c1-bbe9-8ccc-8b1fe2846662" executionId="98796df5-2ab7-432a-9cd7-6877096443ac" testListId="8c84fa94-04c1-424b-9868-57a2d4851a1d" />
    <TestEntry testId="b8d584a1-785e-6409-6329-83c166ddb7a1" executionId="2962920c-690f-4923-94aa-b6acef42a209" testListId="8c84fa94-04c1-424b-9868-57a2d4851a1d" />
    <TestEntry testId="20f0710e-2c39-3e18-5407-5a4e78494ca1" executionId="40b21a51-6702-45c2-b40a-00d7243d362b" testListId="8c84fa94-04c1-424b-9868-57a2d4851a1d" />
    <TestEntry testId="ec480625-6202-5789-55b7-c27d6c28321d" executionId="7f151e76-ce76-4aee-95e0-762568145933" testListId="8c84fa94-04c1-424b-9868-57a2d4851a1d" />
    <TestEntry testId="03b4d901-ef6f-73d8-692c-2e62216152b8" executionId="97b5ff3a-b3fa-4d12-842e-c1efbcf9afc5" testListId="8c84fa94-04c1-424b-9868-57a2d4851a1d" />
    <TestEntry testId="3ab8605b-39ab-5f5a-95fb-cc8192badfcf" executionId="3a8881d4-0f95-40a6-8858-2523009550e1" testListId="8c84fa94-04c1-424b-9868-57a2d4851a1d" />
    <TestEntry testId="70c30e04-a250-8f80-f24d-2190dd4748dc" executionId="cbb6e2ec-5a50-4b58-90bf-007fa80344b9" testListId="8c84fa94-04c1-424b-9868-57a2d4851a1d" />
    <TestEntry testId="2a7fe188-989b-2144-4a88-5fd66301fead" executionId="49b4fcf0-2ecc-462b-98a7-fb571dd33c09" testListId="8c84fa94-04c1-424b-9868-57a2d4851a1d" />
    <TestEntry testId="d383df24-eb7e-6c86-c947-189aacafa9cb" executionId="50cd8198-b1f4-4c69-993a-f8688e632eb1" testListId="8c84fa94-04c1-424b-9868-57a2d4851a1d" />
    <TestEntry testId="ba365782-7383-3382-a01f-7245dfd6a961" executionId="ff4654ad-bbf7-4749-bb78-c7c189a891b7" testListId="8c84fa94-04c1-424b-9868-57a2d4851a1d" />
    <TestEntry testId="8eba01bb-1b34-7a0f-a1eb-3db7de5caa01" executionId="5a89659f-d206-4782-b801-ae64b65f1942" testListId="8c84fa94-04c1-424b-9868-57a2d4851a1d" />
    <TestEntry testId="19049b7d-673d-130f-a603-64f950103cbd" executionId="4893d474-6a5d-45e8-9f3d-e7d4a1fb73be" testListId="8c84fa94-04c1-424b-9868-57a2d4851a1d" />
    <TestEntry testId="1efa94cf-c655-22fd-14d3-870c4c6f0a9d" executionId="04e36de3-cb0a-4f92-a9de-7fb7792dd366" testListId="8c84fa94-04c1-424b-9868-57a2d4851a1d" />
    <TestEntry testId="934cbbc2-12a8-56bc-6663-dc30e72418f9" executionId="16773889-1117-4924-bbdc-0ac80ea8ced6" testListId="8c84fa94-04c1-424b-9868-57a2d4851a1d" />
    <TestEntry testId="81d7d3c6-ad1a-eabe-85e4-65a68c829726" executionId="cf2cb3dc-8316-4f06-9032-6c738491dced" testListId="8c84fa94-04c1-424b-9868-57a2d4851a1d" />
    <TestEntry testId="f83a0b32-377c-a3fa-7794-35613b0a2d63" executionId="290c16fd-d95e-4e71-9fc5-ed11cb6a1aac" testListId="8c84fa94-04c1-424b-9868-57a2d4851a1d" />
    <TestEntry testId="353bd5c7-996e-20ff-a379-e40838d95b37" executionId="b2636575-d382-4e7e-bb88-290aab370f54" testListId="8c84fa94-04c1-424b-9868-57a2d4851a1d" />
    <TestEntry testId="1cd0d91f-eeb1-c972-3ea3-a0a9c418092e" executionId="ec3d750d-b911-4af3-9791-2a79e420c827" testListId="8c84fa94-04c1-424b-9868-57a2d4851a1d" />
    <TestEntry testId="92229b3e-2ade-c73d-5006-090a701ce697" executionId="00fbc69c-376f-4879-8ab8-df5eeb27cea9" testListId="8c84fa94-04c1-424b-9868-57a2d4851a1d" />
    <TestEntry testId="24aea005-3661-20d9-f31e-f20a0b27e2f7" executionId="1dd5e237-8d68-4f6a-80e1-5d3f0f2b05b3" testListId="8c84fa94-04c1-424b-9868-57a2d4851a1d" />
    <TestEntry testId="ec63770b-a77d-2aa8-68be-1f98e44cd599" executionId="9718e155-60bc-45c3-b57c-26b3278ab01f" testListId="8c84fa94-04c1-424b-9868-57a2d4851a1d" />
    <TestEntry testId="b802c69a-1348-8231-043e-cf2dad988d11" executionId="34f5399f-c52c-435a-b688-cb4fc2bf4c08" testListId="8c84fa94-04c1-424b-9868-57a2d4851a1d" />
    <TestEntry testId="adaa9cb3-2e0e-6846-784e-b2c741cddd8b" executionId="415f9e66-06cd-410d-aeb5-726becda4864" testListId="8c84fa94-04c1-424b-9868-57a2d4851a1d" />
    <TestEntry testId="2a490d1f-ef66-b4ea-2120-7d806b1116e2" executionId="acc300fd-b442-42be-b622-50bdcadce745" testListId="8c84fa94-04c1-424b-9868-57a2d4851a1d" />
    <TestEntry testId="7bf9d333-fd6d-afe5-fed1-1f6e3f05606c" executionId="af7d7bd6-6d0c-47cc-ab12-fbb91ca218db" testListId="8c84fa94-04c1-424b-9868-57a2d4851a1d" />
    <TestEntry testId="c389ef02-d956-34df-5e56-2cfa49919995" executionId="1c27b3af-381a-4442-b3f8-089b36dc8809" testListId="8c84fa94-04c1-424b-9868-57a2d4851a1d" />
    <TestEntry testId="4a0ab16b-57e4-9de7-916b-3db52c8d9c35" executionId="b4217e1d-496a-4079-9db0-76ed3bf00fc8" testListId="8c84fa94-04c1-424b-9868-57a2d4851a1d" />
    <TestEntry testId="aff30bb0-aecd-fc2b-e3c7-e4dfbaf8d4e3" executionId="dbdc1a59-579a-407f-9b80-ec067cc7094c" testListId="8c84fa94-04c1-424b-9868-57a2d4851a1d" />
    <TestEntry testId="81c13e8b-21b9-3c7c-cc39-002993e3bcf0" executionId="de3bcb1c-68c8-4985-9e40-86c9809d20c4" testListId="8c84fa94-04c1-424b-9868-57a2d4851a1d" />
    <TestEntry testId="bdf91089-65a9-be31-de1a-986088e5792e" executionId="a569e2ba-6c78-46a6-a19a-a5e6765a5445" testListId="8c84fa94-04c1-424b-9868-57a2d4851a1d" />
    <TestEntry testId="f25acd3b-99e6-5240-49bf-a3dc8417d8f1" executionId="0a585c81-a135-4004-beec-54c20eebe821" testListId="8c84fa94-04c1-424b-9868-57a2d4851a1d" />
    <TestEntry testId="8cd8acf1-0b42-8b50-0a1f-960f8dc970a0" executionId="329e0bb7-78c5-40af-b52b-df3ef5c49847" testListId="8c84fa94-04c1-424b-9868-57a2d4851a1d" />
    <TestEntry testId="e53e0049-6760-5293-4584-26abdec473c2" executionId="e4053edc-ac37-4af6-808d-b864da2a410f" testListId="8c84fa94-04c1-424b-9868-57a2d4851a1d" />
    <TestEntry testId="dcfb33c3-df6b-5b17-c9ac-794496d00b9d" executionId="5fbde525-f2d9-4077-af93-f078f8723f0e" testListId="8c84fa94-04c1-424b-9868-57a2d4851a1d" />
    <TestEntry testId="d99e9f71-d8c5-35a9-4d68-4269e04a5974" executionId="813a7fd8-30f2-4ef2-8f7d-01b2e708ad3b" testListId="8c84fa94-04c1-424b-9868-57a2d4851a1d" />
    <TestEntry testId="5f7cee41-2d47-8973-f775-b65bdb8283cf" executionId="b4a93b00-bc86-4060-9a74-d6f00fa8bd07" testListId="8c84fa94-04c1-424b-9868-57a2d4851a1d" />
    <TestEntry testId="2da98d74-869a-3901-927b-d9ac66d77df7" executionId="0177ca10-9801-4e3f-b622-f28585ce69de" testListId="8c84fa94-04c1-424b-9868-57a2d4851a1d" />
    <TestEntry testId="55e08cee-8542-d1bb-da1d-45bb622fae57" executionId="666cbc30-feb6-4078-a62e-61728871f64e" testListId="8c84fa94-04c1-424b-9868-57a2d4851a1d" />
    <TestEntry testId="1c4b382f-b582-01c4-6d5b-e966fcf88c27" executionId="f6d6e41a-3c64-4233-bbe0-c60c95878cf7" testListId="8c84fa94-04c1-424b-9868-57a2d4851a1d" />
    <TestEntry testId="08a6ff2c-5200-7768-f71a-5031ddd83910" executionId="030a8dee-7b30-44b9-9f7e-483521efad51" testListId="8c84fa94-04c1-424b-9868-57a2d4851a1d" />
    <TestEntry testId="0991e4e4-84b3-5fe0-1c29-02e76269041b" executionId="a13bb4ba-3f24-47e5-8ab4-5efe4c38471f" testListId="8c84fa94-04c1-424b-9868-57a2d4851a1d" />
    <TestEntry testId="b6830b38-99db-0e46-b941-9780902bae26" executionId="4a1b3747-cea0-4ed2-9275-6231d4f1c6bf" testListId="8c84fa94-04c1-424b-9868-57a2d4851a1d" />
    <TestEntry testId="c774549c-9700-b0dd-a191-2fb96fdc31a7" executionId="4ae4585a-1b70-4715-a88a-091c4e9eb396" testListId="8c84fa94-04c1-424b-9868-57a2d4851a1d" />
    <TestEntry testId="78329de8-a00c-043f-cad6-1349a54f6fb8" executionId="67197b06-e17d-4918-b054-f0c49eebb180" testListId="8c84fa94-04c1-424b-9868-57a2d4851a1d" />
    <TestEntry testId="6c704894-6a0f-b530-4275-fbb90256b498" executionId="67fd445b-f9e0-4a08-92bc-89ff88ef5eec" testListId="8c84fa94-04c1-424b-9868-57a2d4851a1d" />
    <TestEntry testId="dc08f31b-88ed-55d5-b199-4b08883b2c67" executionId="54855b73-1e8f-4b81-93a4-2774c7070cbf" testListId="8c84fa94-04c1-424b-9868-57a2d4851a1d" />
    <TestEntry testId="a96f1210-0543-dada-31a6-7bf0cb44bc51" executionId="9127e29a-835c-4bb2-ad26-49d11c6000a2" testListId="8c84fa94-04c1-424b-9868-57a2d4851a1d" />
    <TestEntry testId="649b33f2-8d3c-8842-88f5-427116d08316" executionId="de327e0d-57dc-4aa5-b1d9-3b196553df38" testListId="8c84fa94-04c1-424b-9868-57a2d4851a1d" />
    <TestEntry testId="5165099e-2ce4-992d-a2aa-c056e68d8288" executionId="349db57f-9ed9-47a7-a5fb-5f92c1c83806" testListId="8c84fa94-04c1-424b-9868-57a2d4851a1d" />
    <TestEntry testId="403aefe5-6b74-190d-3432-f7305d42445e" executionId="884f4570-17c2-42b3-bed4-3658659e2194" testListId="8c84fa94-04c1-424b-9868-57a2d4851a1d" />
    <TestEntry testId="35336407-c129-4261-0cc9-883e5a577cfe" executionId="de56ae23-9e1b-4374-9929-0ef2a5b42a45" testListId="8c84fa94-04c1-424b-9868-57a2d4851a1d" />
    <TestEntry testId="12386830-e1a9-ca24-cc13-3479a0f4a31d" executionId="22cbf06c-1f4b-4212-8263-db99722dab55" testListId="8c84fa94-04c1-424b-9868-57a2d4851a1d" />
    <TestEntry testId="8ec19818-53eb-cf94-d1e6-bad8f20fd91b" executionId="044f3d27-51d6-461b-b3e1-d4f81861eea3" testListId="8c84fa94-04c1-424b-9868-57a2d4851a1d" />
    <TestEntry testId="17a9c6d4-6848-0053-fb7d-1402e8c0f5e4" executionId="f6960764-9f22-46f8-a4f8-a6642274bd3a" testListId="8c84fa94-04c1-424b-9868-57a2d4851a1d" />
    <TestEntry testId="17dfce68-4bb5-d221-b06b-f3bc0e39b4db" executionId="d1fd89ca-88a7-4090-be25-98e8a2d779a6" testListId="8c84fa94-04c1-424b-9868-57a2d4851a1d" />
    <TestEntry testId="d6c8e99f-f164-78e4-eb63-120503c6105b" executionId="b9254c06-42f5-4e62-94e9-5e1debc18f87" testListId="8c84fa94-04c1-424b-9868-57a2d4851a1d" />
    <TestEntry testId="5dd28ca9-252b-29bf-7348-5e113044e53c" executionId="a80970a1-81e2-4a27-890e-8a68adf6797e" testListId="8c84fa94-04c1-424b-9868-57a2d4851a1d" />
    <TestEntry testId="95ef23f8-4a2d-f668-d93a-4f53d3abaaea" executionId="8b4ba566-3f77-45b4-b561-51251f8d3932" testListId="8c84fa94-04c1-424b-9868-57a2d4851a1d" />
    <TestEntry testId="ff6027b0-f2a5-91e6-f813-18b8615ec32f" executionId="556bd1d5-7658-44da-90a6-627f8632b965" testListId="8c84fa94-04c1-424b-9868-57a2d4851a1d" />
    <TestEntry testId="6f92f629-1ff5-b54c-2588-b4e2483b72b8" executionId="c6c2a2ec-9c89-46f2-968e-712826b44724" testListId="8c84fa94-04c1-424b-9868-57a2d4851a1d" />
    <TestEntry testId="06f594fc-baf1-2ad0-5243-843a32f28a4c" executionId="39f372c1-96cb-4f5f-90de-7a795acf9200" testListId="8c84fa94-04c1-424b-9868-57a2d4851a1d" />
    <TestEntry testId="e2797c4a-6218-da6f-0219-4625775e55ef" executionId="76cfbaf7-9b0c-4036-8ac8-d8280c62ece6" testListId="8c84fa94-04c1-424b-9868-57a2d4851a1d" />
    <TestEntry testId="4c2ac89e-6d6d-6062-df5c-f526d06ab6ce" executionId="2fd907fa-e363-4a1e-a40c-883bacf985d9" testListId="8c84fa94-04c1-424b-9868-57a2d4851a1d" />
    <TestEntry testId="5ebad48b-99e2-0fca-338d-a3ca309c67b8" executionId="cfc038d4-0784-4808-a330-1f0c516efddf" testListId="8c84fa94-04c1-424b-9868-57a2d4851a1d" />
    <TestEntry testId="35e5cef9-657e-455e-d357-232f089ffb08" executionId="a4654b17-b8fb-48bb-b1dc-c1f4ad00db67" testListId="8c84fa94-04c1-424b-9868-57a2d4851a1d" />
    <TestEntry testId="a86aa753-bc8e-4eb6-ffb8-d6cfdaffdf0b" executionId="056e94b6-7d3e-4e27-9ebe-4229bf9c235d" testListId="8c84fa94-04c1-424b-9868-57a2d4851a1d" />
    <TestEntry testId="b07101dc-3a68-16ff-54ca-239e2b0535c6" executionId="a891695d-80d3-4d4d-a216-4eee636ad267" testListId="8c84fa94-04c1-424b-9868-57a2d4851a1d" />
    <TestEntry testId="bd8e7949-e8d4-c9f3-2847-00a53199b68c" executionId="5298fe4a-1e28-4bfd-8d98-660e96b7823e" testListId="8c84fa94-04c1-424b-9868-57a2d4851a1d" />
    <TestEntry testId="c8a16d5c-0cd1-b860-3ffe-e01db7c77b91" executionId="bb1512f2-9091-465e-a8a0-9607bbbec205" testListId="8c84fa94-04c1-424b-9868-57a2d4851a1d" />
    <TestEntry testId="9acca223-d08d-c7fa-5291-2c8d97d49f16" executionId="91e4ac32-e002-43a6-b4de-9899060f2555" testListId="8c84fa94-04c1-424b-9868-57a2d4851a1d" />
    <TestEntry testId="c2781f10-0c4b-c6ba-bb26-c556620b5984" executionId="d69e3ca7-794a-46f7-a818-411bb9b6b743" testListId="8c84fa94-04c1-424b-9868-57a2d4851a1d" />
    <TestEntry testId="e80aeb39-93e2-21e5-018d-e18d0d9fac67" executionId="a1b20258-df8f-4354-8ba6-a1fb86da465b" testListId="8c84fa94-04c1-424b-9868-57a2d4851a1d" />
    <TestEntry testId="120f7c57-df62-8485-103e-29789ce496b2" executionId="37a17400-926a-427d-8001-513de52c33e3" testListId="8c84fa94-04c1-424b-9868-57a2d4851a1d" />
    <TestEntry testId="cffb5e2d-638c-2530-905c-c83e4de7f10e" executionId="9ea652f3-5d08-444c-a054-380eb4169e5b" testListId="8c84fa94-04c1-424b-9868-57a2d4851a1d" />
    <TestEntry testId="389a75e7-d056-f848-665a-3076c1f232a7" executionId="b499cacc-81f0-4f7e-bca2-544b68bde2fc" testListId="8c84fa94-04c1-424b-9868-57a2d4851a1d" />
    <TestEntry testId="12bafee1-00e9-38c9-f746-186c89fd1b0e" executionId="c5a21dce-2b57-4a19-b98a-e9821c66b461" testListId="8c84fa94-04c1-424b-9868-57a2d4851a1d" />
    <TestEntry testId="db3a9acd-c23f-524b-a789-2aceb6fbfacc" executionId="58e3fad6-68f8-4912-9a79-c63bf0555c42" testListId="8c84fa94-04c1-424b-9868-57a2d4851a1d" />
    <TestEntry testId="9c1308a2-7f66-8922-2d45-98cdbc2889ee" executionId="8f0871a7-3054-4de0-8679-c63b372f2eaf" testListId="8c84fa94-04c1-424b-9868-57a2d4851a1d" />
    <TestEntry testId="97d71427-181a-c4a2-2b40-6305ed66dfc6" executionId="e34217cb-0246-470b-8762-5d61934d7a45" testListId="8c84fa94-04c1-424b-9868-57a2d4851a1d" />
    <TestEntry testId="c5c3ef2d-e9fb-fdf0-3617-eeede07abdf2" executionId="a65054aa-4b0f-40ae-8601-65e1a35dedbe" testListId="8c84fa94-04c1-424b-9868-57a2d4851a1d" />
    <TestEntry testId="ebb59fac-88ac-feeb-5f9d-2bb2f524ef73" executionId="e5529541-662f-4b19-aca6-3d1e626d3771" testListId="8c84fa94-04c1-424b-9868-57a2d4851a1d" />
    <TestEntry testId="f2ea8762-aa7d-5ca6-ec89-d0d6b1ef0788" executionId="d8f1d962-e59b-4061-bf22-3fada06929ab" testListId="8c84fa94-04c1-424b-9868-57a2d4851a1d" />
    <TestEntry testId="877cd2f1-1270-7031-e452-9967abb3c428" executionId="9621f2d0-a42a-4eb5-8490-7d03eb0844d0" testListId="8c84fa94-04c1-424b-9868-57a2d4851a1d" />
  </TestEntries>
  <TestLists>
    <TestList name="Results Not in a List" id="8c84fa94-04c1-424b-9868-57a2d4851a1d" />
    <TestList name="All Loaded Results" id="19431567-8539-422a-85d7-44ee4e166bda" />
  </TestLists>
  <ResultSummary outcome="Completed">
    <Counters total="254" executed="254" passed="254" failed="0" error="0" timeout="0" aborted="0" inconclusive="0" passedButRunAborted="0" notRunnable="0" notExecuted="0" disconnected="0" warning="0" completed="0" inProgress="0" pending="0" />
    <Output>
      <StdOut>Test Parallelization enabled for C:\Users\prmistri\source\repos\musio\src\Musio.Tests\bin\Release\net9.0-windows10.0.26100.0\Musio.Tests.dll (Workers: 10, Scope: MethodLevel)&#xD;
</StdOut>
    </Output>
  </ResultSummary>
</TestRun>